Time: Thu Jul 04 2024 19:01:40 GMT+0300 (שעון ישראל (קיץ))
Message: BookModel validation failed: pages: Missing pages., price: Missing price., name: Missing name.
Stack: ValidationError: BookModel validation failed: pages: Missing pages., price: Missing price., name: Missing name.
    at model.Document.invalidate (C:\4578-99\2024-07-04\REST API using MongoDB\node_modules\mongoose\lib\document.js:3306:32)
    at C:\4578-99\2024-07-04\REST API using MongoDB\node_modules\mongoose\lib\document.js:3067:17
    at C:\4578-99\2024-07-04\REST API using MongoDB\node_modules\mongoose\lib\schemaType.js:1388:9
    at processTicksAndRejections (node:internal/process/task_queues:77:11)
---------------------------------------

Time: Thu Jul 04 2024 19:02:15 GMT+0300 (שעון ישראל (קיץ))
Message: BookModel validation failed: price: Price can't be negative., pages: Pages can't exceed 1000.
Stack: ValidationError: BookModel validation failed: price: Price can't be negative., pages: Pages can't exceed 1000.
    at model.Document.invalidate (C:\4578-99\2024-07-04\REST API using MongoDB\node_modules\mongoose\lib\document.js:3306:32)
    at C:\4578-99\2024-07-04\REST API using MongoDB\node_modules\mongoose\lib\document.js:3067:17
    at C:\4578-99\2024-07-04\REST API using MongoDB\node_modules\mongoose\lib\schemaType.js:1388:9
    at processTicksAndRejections (node:internal/process/task_queues:77:11)
---------------------------------------

Time: Thu Jul 04 2024 20:10:49 GMT+0300 (שעון ישראל (קיץ))
Message: _id 6686c796f9c23ed6a6f038cc not exist.
Stack: undefined
---------------------------------------

Time: Thu Jul 04 2024 20:12:01 GMT+0300 (שעון ישראל (קיץ))
Message: BookModel validation failed: name: Missing name.
Stack: ValidationError: BookModel validation failed: name: Missing name.
    at model.Document.invalidate (C:\4578-99\2024-07-04\REST API using MongoDB\node_modules\mongoose\lib\document.js:3306:32)
    at C:\4578-99\2024-07-04\REST API using MongoDB\node_modules\mongoose\lib\document.js:3067:17
    at C:\4578-99\2024-07-04\REST API using MongoDB\node_modules\mongoose\lib\schemaType.js:1388:9
    at processTicksAndRejections (node:internal/process/task_queues:77:11)
---------------------------------------

Time: Thu Jul 04 2024 20:16:29 GMT+0300 (שעון ישראל (קיץ))
Message: BookModel validation failed: name: Missing name.
Stack: undefined
---------------------------------------

Time: Thu Jul 04 2024 20:27:29 GMT+0300 (שעון ישראל (קיץ))
Message: _id 6686c7bff9c23ed6a6f038cf not exist.
Stack: undefined
---------------------------------------

Time: Thu Jul 04 2024 20:29:38 GMT+0300 (שעון ישראל (קיץ))
Message: _id 6686c796f9c23ed6a6f038cc not exist.
Stack: undefined
---------------------------------------

Time: Thu Jul 04 2024 20:29:52 GMT+0300 (שעון ישראל (קיץ))
Message: _id 6686c7bff9c23ed6a6f038ce not exist.
Stack: undefined
---------------------------------------

Time: Sun Sep 08 2024 12:21:50 GMT+0300 (שעון ישראל (קיץ))
Message: Route /Transactions not found.
Stack: undefined
---------------------------------------

Time: Sun Sep 08 2024 12:22:07 GMT+0300 (שעון ישראל (קיץ))
Message: Route /Transactions not found.
Stack: undefined
---------------------------------------

Time: Sun Sep 08 2024 12:22:14 GMT+0300 (שעון ישראל (קיץ))
Message: Route /transactions not found.
Stack: undefined
---------------------------------------

Time: Sun Sep 08 2024 13:09:27 GMT+0300 (שעון ישראל (קיץ))
Message: Schema hasn't been registered for model "Category".
Use mongoose.model(name, schema)
Stack: MissingSchemaError: Schema hasn't been registered for model "Category".
Use mongoose.model(name, schema)
    at NativeConnection.Connection.model (C:\Users\User\Desktop\shlomtzion\‏‏01 - MEAN Stack Template (1) - עותק\backend\node_modules\mongoose\lib\connection.js:1218:13)
    at _getModelFromConn (C:\Users\User\Desktop\shlomtzion\‏‏01 - MEAN Stack Template (1) - עותק\backend\node_modules\mongoose\lib\helpers\populate\getModelsMapForPopulate.js:569:15)
    at addModelNamesToMap (C:\Users\User\Desktop\shlomtzion\‏‏01 - MEAN Stack Template (1) - עותק\backend\node_modules\mongoose\lib\helpers\populate\getModelsMapForPopulate.js:496:17)
    at getModelsMapForPopulate (C:\Users\User\Desktop\shlomtzion\‏‏01 - MEAN Stack Template (1) - עותק\backend\node_modules\mongoose\lib\helpers\populate\getModelsMapForPopulate.js:200:7)
    at populate (C:\Users\User\Desktop\shlomtzion\‏‏01 - MEAN Stack Template (1) - עותק\backend\node_modules\mongoose\lib\model.js:4516:21)
    at _populate (C:\Users\User\Desktop\shlomtzion\‏‏01 - MEAN Stack Template (1) - עותק\backend\node_modules\mongoose\lib\model.js:4476:5)
    at C:\Users\User\Desktop\shlomtzion\‏‏01 - MEAN Stack Template (1) - עותק\backend\node_modules\mongoose\lib\model.js:4448:5
    at new Promise (<anonymous>)
    at Function.populate (C:\Users\User\Desktop\shlomtzion\‏‏01 - MEAN Stack Template (1) - עותק\backend\node_modules\mongoose\lib\model.js:4447:10)
    at model.Query._find (C:\Users\User\Desktop\shlomtzion\‏‏01 - MEAN Stack Template (1) - עותק\backend\node_modules\mongoose\lib\query.js:2288:20)
---------------------------------------

Time: Sun Sep 08 2024 13:09:53 GMT+0300 (שעון ישראל (קיץ))
Message: Schema hasn't been registered for model "Category".
Use mongoose.model(name, schema)
Stack: MissingSchemaError: Schema hasn't been registered for model "Category".
Use mongoose.model(name, schema)
    at NativeConnection.Connection.model (C:\Users\User\Desktop\shlomtzion\‏‏01 - MEAN Stack Template (1) - עותק\backend\node_modules\mongoose\lib\connection.js:1218:13)
    at _getModelFromConn (C:\Users\User\Desktop\shlomtzion\‏‏01 - MEAN Stack Template (1) - עותק\backend\node_modules\mongoose\lib\helpers\populate\getModelsMapForPopulate.js:569:15)
    at addModelNamesToMap (C:\Users\User\Desktop\shlomtzion\‏‏01 - MEAN Stack Template (1) - עותק\backend\node_modules\mongoose\lib\helpers\populate\getModelsMapForPopulate.js:496:17)
    at getModelsMapForPopulate (C:\Users\User\Desktop\shlomtzion\‏‏01 - MEAN Stack Template (1) - עותק\backend\node_modules\mongoose\lib\helpers\populate\getModelsMapForPopulate.js:200:7)
    at populate (C:\Users\User\Desktop\shlomtzion\‏‏01 - MEAN Stack Template (1) - עותק\backend\node_modules\mongoose\lib\model.js:4516:21)
    at _populate (C:\Users\User\Desktop\shlomtzion\‏‏01 - MEAN Stack Template (1) - עותק\backend\node_modules\mongoose\lib\model.js:4476:5)
    at C:\Users\User\Desktop\shlomtzion\‏‏01 - MEAN Stack Template (1) - עותק\backend\node_modules\mongoose\lib\model.js:4448:5
    at new Promise (<anonymous>)
    at Function.populate (C:\Users\User\Desktop\shlomtzion\‏‏01 - MEAN Stack Template (1) - עותק\backend\node_modules\mongoose\lib\model.js:4447:10)
    at model.Query._find (C:\Users\User\Desktop\shlomtzion\‏‏01 - MEAN Stack Template (1) - עותק\backend\node_modules\mongoose\lib\query.js:2288:20)
---------------------------------------

Time: Sun Sep 08 2024 13:10:09 GMT+0300 (שעון ישראל (קיץ))
Message: Schema hasn't been registered for model "category".
Use mongoose.model(name, schema)
Stack: MissingSchemaError: Schema hasn't been registered for model "category".
Use mongoose.model(name, schema)
    at NativeConnection.Connection.model (C:\Users\User\Desktop\shlomtzion\‏‏01 - MEAN Stack Template (1) - עותק\backend\node_modules\mongoose\lib\connection.js:1218:13)
    at _getModelFromConn (C:\Users\User\Desktop\shlomtzion\‏‏01 - MEAN Stack Template (1) - עותק\backend\node_modules\mongoose\lib\helpers\populate\getModelsMapForPopulate.js:569:15)
    at addModelNamesToMap (C:\Users\User\Desktop\shlomtzion\‏‏01 - MEAN Stack Template (1) - עותק\backend\node_modules\mongoose\lib\helpers\populate\getModelsMapForPopulate.js:496:17)
    at getModelsMapForPopulate (C:\Users\User\Desktop\shlomtzion\‏‏01 - MEAN Stack Template (1) - עותק\backend\node_modules\mongoose\lib\helpers\populate\getModelsMapForPopulate.js:200:7)
    at populate (C:\Users\User\Desktop\shlomtzion\‏‏01 - MEAN Stack Template (1) - עותק\backend\node_modules\mongoose\lib\model.js:4516:21)
    at _populate (C:\Users\User\Desktop\shlomtzion\‏‏01 - MEAN Stack Template (1) - עותק\backend\node_modules\mongoose\lib\model.js:4476:5)
    at C:\Users\User\Desktop\shlomtzion\‏‏01 - MEAN Stack Template (1) - עותק\backend\node_modules\mongoose\lib\model.js:4448:5
    at new Promise (<anonymous>)
    at Function.populate (C:\Users\User\Desktop\shlomtzion\‏‏01 - MEAN Stack Template (1) - עותק\backend\node_modules\mongoose\lib\model.js:4447:10)
    at model.Query._find (C:\Users\User\Desktop\shlomtzion\‏‏01 - MEAN Stack Template (1) - עותק\backend\node_modules\mongoose\lib\query.js:2288:20)
---------------------------------------

Time: Sun Sep 08 2024 13:10:58 GMT+0300 (שעון ישראל (קיץ))
Message: Schema hasn't been registered for model "category".
Use mongoose.model(name, schema)
Stack: MissingSchemaError: Schema hasn't been registered for model "category".
Use mongoose.model(name, schema)
    at NativeConnection.Connection.model (C:\Users\User\Desktop\shlomtzion\‏‏01 - MEAN Stack Template (1) - עותק\backend\node_modules\mongoose\lib\connection.js:1218:13)
    at _getModelFromConn (C:\Users\User\Desktop\shlomtzion\‏‏01 - MEAN Stack Template (1) - עותק\backend\node_modules\mongoose\lib\helpers\populate\getModelsMapForPopulate.js:569:15)
    at addModelNamesToMap (C:\Users\User\Desktop\shlomtzion\‏‏01 - MEAN Stack Template (1) - עותק\backend\node_modules\mongoose\lib\helpers\populate\getModelsMapForPopulate.js:496:17)
    at getModelsMapForPopulate (C:\Users\User\Desktop\shlomtzion\‏‏01 - MEAN Stack Template (1) - עותק\backend\node_modules\mongoose\lib\helpers\populate\getModelsMapForPopulate.js:200:7)
    at populate (C:\Users\User\Desktop\shlomtzion\‏‏01 - MEAN Stack Template (1) - עותק\backend\node_modules\mongoose\lib\model.js:4516:21)
    at _populate (C:\Users\User\Desktop\shlomtzion\‏‏01 - MEAN Stack Template (1) - עותק\backend\node_modules\mongoose\lib\model.js:4476:5)
    at C:\Users\User\Desktop\shlomtzion\‏‏01 - MEAN Stack Template (1) - עותק\backend\node_modules\mongoose\lib\model.js:4448:5
    at new Promise (<anonymous>)
    at Function.populate (C:\Users\User\Desktop\shlomtzion\‏‏01 - MEAN Stack Template (1) - עותק\backend\node_modules\mongoose\lib\model.js:4447:10)
    at model.Query._find (C:\Users\User\Desktop\shlomtzion\‏‏01 - MEAN Stack Template (1) - עותק\backend\node_modules\mongoose\lib\query.js:2288:20)
---------------------------------------

Time: Sun Sep 08 2024 13:12:59 GMT+0300 (שעון ישראל (קיץ))
Message: Schema hasn't been registered for model "category".
Use mongoose.model(name, schema)
Stack: MissingSchemaError: Schema hasn't been registered for model "category".
Use mongoose.model(name, schema)
    at NativeConnection.Connection.model (C:\Users\User\Desktop\shlomtzion\‏‏01 - MEAN Stack Template (1) - עותק\backend\node_modules\mongoose\lib\connection.js:1218:13)
    at _getModelFromConn (C:\Users\User\Desktop\shlomtzion\‏‏01 - MEAN Stack Template (1) - עותק\backend\node_modules\mongoose\lib\helpers\populate\getModelsMapForPopulate.js:569:15)
    at addModelNamesToMap (C:\Users\User\Desktop\shlomtzion\‏‏01 - MEAN Stack Template (1) - עותק\backend\node_modules\mongoose\lib\helpers\populate\getModelsMapForPopulate.js:496:17)
    at getModelsMapForPopulate (C:\Users\User\Desktop\shlomtzion\‏‏01 - MEAN Stack Template (1) - עותק\backend\node_modules\mongoose\lib\helpers\populate\getModelsMapForPopulate.js:200:7)
    at populate (C:\Users\User\Desktop\shlomtzion\‏‏01 - MEAN Stack Template (1) - עותק\backend\node_modules\mongoose\lib\model.js:4516:21)
    at _populate (C:\Users\User\Desktop\shlomtzion\‏‏01 - MEAN Stack Template (1) - עותק\backend\node_modules\mongoose\lib\model.js:4476:5)
    at C:\Users\User\Desktop\shlomtzion\‏‏01 - MEAN Stack Template (1) - עותק\backend\node_modules\mongoose\lib\model.js:4448:5
    at new Promise (<anonymous>)
    at Function.populate (C:\Users\User\Desktop\shlomtzion\‏‏01 - MEAN Stack Template (1) - עותק\backend\node_modules\mongoose\lib\model.js:4447:10)
    at model.Query._find (C:\Users\User\Desktop\shlomtzion\‏‏01 - MEAN Stack Template (1) - עותק\backend\node_modules\mongoose\lib\query.js:2288:20)
---------------------------------------

Time: Sun Sep 08 2024 13:13:07 GMT+0300 (שעון ישראל (קיץ))
Message: Schema hasn't been registered for model "category".
Use mongoose.model(name, schema)
Stack: MissingSchemaError: Schema hasn't been registered for model "category".
Use mongoose.model(name, schema)
    at NativeConnection.Connection.model (C:\Users\User\Desktop\shlomtzion\‏‏01 - MEAN Stack Template (1) - עותק\backend\node_modules\mongoose\lib\connection.js:1218:13)
    at _getModelFromConn (C:\Users\User\Desktop\shlomtzion\‏‏01 - MEAN Stack Template (1) - עותק\backend\node_modules\mongoose\lib\helpers\populate\getModelsMapForPopulate.js:569:15)
    at addModelNamesToMap (C:\Users\User\Desktop\shlomtzion\‏‏01 - MEAN Stack Template (1) - עותק\backend\node_modules\mongoose\lib\helpers\populate\getModelsMapForPopulate.js:496:17)
    at getModelsMapForPopulate (C:\Users\User\Desktop\shlomtzion\‏‏01 - MEAN Stack Template (1) - עותק\backend\node_modules\mongoose\lib\helpers\populate\getModelsMapForPopulate.js:200:7)
    at populate (C:\Users\User\Desktop\shlomtzion\‏‏01 - MEAN Stack Template (1) - עותק\backend\node_modules\mongoose\lib\model.js:4516:21)
    at _populate (C:\Users\User\Desktop\shlomtzion\‏‏01 - MEAN Stack Template (1) - עותק\backend\node_modules\mongoose\lib\model.js:4476:5)
    at C:\Users\User\Desktop\shlomtzion\‏‏01 - MEAN Stack Template (1) - עותק\backend\node_modules\mongoose\lib\model.js:4448:5
    at new Promise (<anonymous>)
    at Function.populate (C:\Users\User\Desktop\shlomtzion\‏‏01 - MEAN Stack Template (1) - עותק\backend\node_modules\mongoose\lib\model.js:4447:10)
    at model.Query._find (C:\Users\User\Desktop\shlomtzion\‏‏01 - MEAN Stack Template (1) - עותק\backend\node_modules\mongoose\lib\query.js:2288:20)
---------------------------------------

Time: Sun Sep 08 2024 13:15:49 GMT+0300 (שעון ישראל (קיץ))
Message: Schema hasn't been registered for model "Category".
Use mongoose.model(name, schema)
Stack: MissingSchemaError: Schema hasn't been registered for model "Category".
Use mongoose.model(name, schema)
    at NativeConnection.Connection.model (C:\Users\User\Desktop\shlomtzion\‏‏01 - MEAN Stack Template (1) - עותק\backend\node_modules\mongoose\lib\connection.js:1218:13)
    at _getModelFromConn (C:\Users\User\Desktop\shlomtzion\‏‏01 - MEAN Stack Template (1) - עותק\backend\node_modules\mongoose\lib\helpers\populate\getModelsMapForPopulate.js:569:15)
    at addModelNamesToMap (C:\Users\User\Desktop\shlomtzion\‏‏01 - MEAN Stack Template (1) - עותק\backend\node_modules\mongoose\lib\helpers\populate\getModelsMapForPopulate.js:496:17)
    at getModelsMapForPopulate (C:\Users\User\Desktop\shlomtzion\‏‏01 - MEAN Stack Template (1) - עותק\backend\node_modules\mongoose\lib\helpers\populate\getModelsMapForPopulate.js:200:7)
    at populate (C:\Users\User\Desktop\shlomtzion\‏‏01 - MEAN Stack Template (1) - עותק\backend\node_modules\mongoose\lib\model.js:4516:21)
    at _populate (C:\Users\User\Desktop\shlomtzion\‏‏01 - MEAN Stack Template (1) - עותק\backend\node_modules\mongoose\lib\model.js:4476:5)
    at C:\Users\User\Desktop\shlomtzion\‏‏01 - MEAN Stack Template (1) - עותק\backend\node_modules\mongoose\lib\model.js:4448:5
    at new Promise (<anonymous>)
    at Function.populate (C:\Users\User\Desktop\shlomtzion\‏‏01 - MEAN Stack Template (1) - עותק\backend\node_modules\mongoose\lib\model.js:4447:10)
    at model.Query._find (C:\Users\User\Desktop\shlomtzion\‏‏01 - MEAN Stack Template (1) - עותק\backend\node_modules\mongoose\lib\query.js:2288:20)
---------------------------------------

Time: Sun Sep 08 2024 13:21:38 GMT+0300 (שעון ישראל (קיץ))
Message: Schema hasn't been registered for model "Category".
Use mongoose.model(name, schema)
Stack: MissingSchemaError: Schema hasn't been registered for model "Category".
Use mongoose.model(name, schema)
    at NativeConnection.Connection.model (C:\Users\User\Desktop\shlomtzion\‏‏01 - MEAN Stack Template (1) - עותק\backend\node_modules\mongoose\lib\connection.js:1218:13)
    at _getModelFromConn (C:\Users\User\Desktop\shlomtzion\‏‏01 - MEAN Stack Template (1) - עותק\backend\node_modules\mongoose\lib\helpers\populate\getModelsMapForPopulate.js:569:15)
    at addModelNamesToMap (C:\Users\User\Desktop\shlomtzion\‏‏01 - MEAN Stack Template (1) - עותק\backend\node_modules\mongoose\lib\helpers\populate\getModelsMapForPopulate.js:496:17)
    at _virtualPopulate (C:\Users\User\Desktop\shlomtzion\‏‏01 - MEAN Stack Template (1) - עותק\backend\node_modules\mongoose\lib\helpers\populate\getModelsMapForPopulate.js:454:7)
    at getModelsMapForPopulate (C:\Users\User\Desktop\shlomtzion\‏‏01 - MEAN Stack Template (1) - עותק\backend\node_modules\mongoose\lib\helpers\populate\getModelsMapForPopulate.js:42:12)
    at populate (C:\Users\User\Desktop\shlomtzion\‏‏01 - MEAN Stack Template (1) - עותק\backend\node_modules\mongoose\lib\model.js:4516:21)
    at _populate (C:\Users\User\Desktop\shlomtzion\‏‏01 - MEAN Stack Template (1) - עותק\backend\node_modules\mongoose\lib\model.js:4476:5)
    at C:\Users\User\Desktop\shlomtzion\‏‏01 - MEAN Stack Template (1) - עותק\backend\node_modules\mongoose\lib\model.js:4448:5
    at new Promise (<anonymous>)
    at Function.populate (C:\Users\User\Desktop\shlomtzion\‏‏01 - MEAN Stack Template (1) - עותק\backend\node_modules\mongoose\lib\model.js:4447:10)
---------------------------------------

Time: Sun Sep 08 2024 13:21:39 GMT+0300 (שעון ישראל (קיץ))
Message: Schema hasn't been registered for model "Category".
Use mongoose.model(name, schema)
Stack: MissingSchemaError: Schema hasn't been registered for model "Category".
Use mongoose.model(name, schema)
    at NativeConnection.Connection.model (C:\Users\User\Desktop\shlomtzion\‏‏01 - MEAN Stack Template (1) - עותק\backend\node_modules\mongoose\lib\connection.js:1218:13)
    at _getModelFromConn (C:\Users\User\Desktop\shlomtzion\‏‏01 - MEAN Stack Template (1) - עותק\backend\node_modules\mongoose\lib\helpers\populate\getModelsMapForPopulate.js:569:15)
    at addModelNamesToMap (C:\Users\User\Desktop\shlomtzion\‏‏01 - MEAN Stack Template (1) - עותק\backend\node_modules\mongoose\lib\helpers\populate\getModelsMapForPopulate.js:496:17)
    at _virtualPopulate (C:\Users\User\Desktop\shlomtzion\‏‏01 - MEAN Stack Template (1) - עותק\backend\node_modules\mongoose\lib\helpers\populate\getModelsMapForPopulate.js:454:7)
    at getModelsMapForPopulate (C:\Users\User\Desktop\shlomtzion\‏‏01 - MEAN Stack Template (1) - עותק\backend\node_modules\mongoose\lib\helpers\populate\getModelsMapForPopulate.js:42:12)
    at populate (C:\Users\User\Desktop\shlomtzion\‏‏01 - MEAN Stack Template (1) - עותק\backend\node_modules\mongoose\lib\model.js:4516:21)
    at _populate (C:\Users\User\Desktop\shlomtzion\‏‏01 - MEAN Stack Template (1) - עותק\backend\node_modules\mongoose\lib\model.js:4476:5)
    at C:\Users\User\Desktop\shlomtzion\‏‏01 - MEAN Stack Template (1) - עותק\backend\node_modules\mongoose\lib\model.js:4448:5
    at new Promise (<anonymous>)
    at Function.populate (C:\Users\User\Desktop\shlomtzion\‏‏01 - MEAN Stack Template (1) - עותק\backend\node_modules\mongoose\lib\model.js:4447:10)
---------------------------------------

Time: Sun Sep 08 2024 13:26:44 GMT+0300 (שעון ישראל (קיץ))
Message: Schema hasn't been registered for model "Category".
Use mongoose.model(name, schema)
Stack: MissingSchemaError: Schema hasn't been registered for model "Category".
Use mongoose.model(name, schema)
    at NativeConnection.Connection.model (C:\Users\User\Desktop\shlomtzion\‏‏01 - MEAN Stack Template (1) - עותק\backend\node_modules\mongoose\lib\connection.js:1218:13)
    at _getModelFromConn (C:\Users\User\Desktop\shlomtzion\‏‏01 - MEAN Stack Template (1) - עותק\backend\node_modules\mongoose\lib\helpers\populate\getModelsMapForPopulate.js:569:15)
    at addModelNamesToMap (C:\Users\User\Desktop\shlomtzion\‏‏01 - MEAN Stack Template (1) - עותק\backend\node_modules\mongoose\lib\helpers\populate\getModelsMapForPopulate.js:496:17)
    at _virtualPopulate (C:\Users\User\Desktop\shlomtzion\‏‏01 - MEAN Stack Template (1) - עותק\backend\node_modules\mongoose\lib\helpers\populate\getModelsMapForPopulate.js:454:7)
    at getModelsMapForPopulate (C:\Users\User\Desktop\shlomtzion\‏‏01 - MEAN Stack Template (1) - עותק\backend\node_modules\mongoose\lib\helpers\populate\getModelsMapForPopulate.js:42:12)
    at populate (C:\Users\User\Desktop\shlomtzion\‏‏01 - MEAN Stack Template (1) - עותק\backend\node_modules\mongoose\lib\model.js:4516:21)
    at _populate (C:\Users\User\Desktop\shlomtzion\‏‏01 - MEAN Stack Template (1) - עותק\backend\node_modules\mongoose\lib\model.js:4476:5)
    at C:\Users\User\Desktop\shlomtzion\‏‏01 - MEAN Stack Template (1) - עותק\backend\node_modules\mongoose\lib\model.js:4448:5
    at new Promise (<anonymous>)
    at Function.populate (C:\Users\User\Desktop\shlomtzion\‏‏01 - MEAN Stack Template (1) - עותק\backend\node_modules\mongoose\lib\model.js:4447:10)
---------------------------------------

Time: Sun Sep 08 2024 13:29:12 GMT+0300 (שעון ישראל (קיץ))
Message: Schema hasn't been registered for model "Category".
Use mongoose.model(name, schema)
Stack: MissingSchemaError: Schema hasn't been registered for model "Category".
Use mongoose.model(name, schema)
    at NativeConnection.Connection.model (C:\Users\User\Desktop\shlomtzion\‏‏01 - MEAN Stack Template (1) - עותק\backend\node_modules\mongoose\lib\connection.js:1218:13)
    at _getModelFromConn (C:\Users\User\Desktop\shlomtzion\‏‏01 - MEAN Stack Template (1) - עותק\backend\node_modules\mongoose\lib\helpers\populate\getModelsMapForPopulate.js:569:15)
    at addModelNamesToMap (C:\Users\User\Desktop\shlomtzion\‏‏01 - MEAN Stack Template (1) - עותק\backend\node_modules\mongoose\lib\helpers\populate\getModelsMapForPopulate.js:496:17)
    at _virtualPopulate (C:\Users\User\Desktop\shlomtzion\‏‏01 - MEAN Stack Template (1) - עותק\backend\node_modules\mongoose\lib\helpers\populate\getModelsMapForPopulate.js:454:7)
    at getModelsMapForPopulate (C:\Users\User\Desktop\shlomtzion\‏‏01 - MEAN Stack Template (1) - עותק\backend\node_modules\mongoose\lib\helpers\populate\getModelsMapForPopulate.js:42:12)
    at populate (C:\Users\User\Desktop\shlomtzion\‏‏01 - MEAN Stack Template (1) - עותק\backend\node_modules\mongoose\lib\model.js:4516:21)
    at _populate (C:\Users\User\Desktop\shlomtzion\‏‏01 - MEAN Stack Template (1) - עותק\backend\node_modules\mongoose\lib\model.js:4476:5)
    at C:\Users\User\Desktop\shlomtzion\‏‏01 - MEAN Stack Template (1) - עותק\backend\node_modules\mongoose\lib\model.js:4448:5
    at new Promise (<anonymous>)
    at Function.populate (C:\Users\User\Desktop\shlomtzion\‏‏01 - MEAN Stack Template (1) - עותק\backend\node_modules\mongoose\lib\model.js:4447:10)
---------------------------------------

Time: Sun Sep 08 2024 13:29:13 GMT+0300 (שעון ישראל (קיץ))
Message: Schema hasn't been registered for model "Category".
Use mongoose.model(name, schema)
Stack: MissingSchemaError: Schema hasn't been registered for model "Category".
Use mongoose.model(name, schema)
    at NativeConnection.Connection.model (C:\Users\User\Desktop\shlomtzion\‏‏01 - MEAN Stack Template (1) - עותק\backend\node_modules\mongoose\lib\connection.js:1218:13)
    at _getModelFromConn (C:\Users\User\Desktop\shlomtzion\‏‏01 - MEAN Stack Template (1) - עותק\backend\node_modules\mongoose\lib\helpers\populate\getModelsMapForPopulate.js:569:15)
    at addModelNamesToMap (C:\Users\User\Desktop\shlomtzion\‏‏01 - MEAN Stack Template (1) - עותק\backend\node_modules\mongoose\lib\helpers\populate\getModelsMapForPopulate.js:496:17)
    at _virtualPopulate (C:\Users\User\Desktop\shlomtzion\‏‏01 - MEAN Stack Template (1) - עותק\backend\node_modules\mongoose\lib\helpers\populate\getModelsMapForPopulate.js:454:7)
    at getModelsMapForPopulate (C:\Users\User\Desktop\shlomtzion\‏‏01 - MEAN Stack Template (1) - עותק\backend\node_modules\mongoose\lib\helpers\populate\getModelsMapForPopulate.js:42:12)
    at populate (C:\Users\User\Desktop\shlomtzion\‏‏01 - MEAN Stack Template (1) - עותק\backend\node_modules\mongoose\lib\model.js:4516:21)
    at _populate (C:\Users\User\Desktop\shlomtzion\‏‏01 - MEAN Stack Template (1) - עותק\backend\node_modules\mongoose\lib\model.js:4476:5)
    at C:\Users\User\Desktop\shlomtzion\‏‏01 - MEAN Stack Template (1) - עותק\backend\node_modules\mongoose\lib\model.js:4448:5
    at new Promise (<anonymous>)
    at Function.populate (C:\Users\User\Desktop\shlomtzion\‏‏01 - MEAN Stack Template (1) - עותק\backend\node_modules\mongoose\lib\model.js:4447:10)
---------------------------------------

Time: Sun Sep 08 2024 13:29:14 GMT+0300 (שעון ישראל (קיץ))
Message: Schema hasn't been registered for model "Category".
Use mongoose.model(name, schema)
Stack: MissingSchemaError: Schema hasn't been registered for model "Category".
Use mongoose.model(name, schema)
    at NativeConnection.Connection.model (C:\Users\User\Desktop\shlomtzion\‏‏01 - MEAN Stack Template (1) - עותק\backend\node_modules\mongoose\lib\connection.js:1218:13)
    at _getModelFromConn (C:\Users\User\Desktop\shlomtzion\‏‏01 - MEAN Stack Template (1) - עותק\backend\node_modules\mongoose\lib\helpers\populate\getModelsMapForPopulate.js:569:15)
    at addModelNamesToMap (C:\Users\User\Desktop\shlomtzion\‏‏01 - MEAN Stack Template (1) - עותק\backend\node_modules\mongoose\lib\helpers\populate\getModelsMapForPopulate.js:496:17)
    at _virtualPopulate (C:\Users\User\Desktop\shlomtzion\‏‏01 - MEAN Stack Template (1) - עותק\backend\node_modules\mongoose\lib\helpers\populate\getModelsMapForPopulate.js:454:7)
    at getModelsMapForPopulate (C:\Users\User\Desktop\shlomtzion\‏‏01 - MEAN Stack Template (1) - עותק\backend\node_modules\mongoose\lib\helpers\populate\getModelsMapForPopulate.js:42:12)
    at populate (C:\Users\User\Desktop\shlomtzion\‏‏01 - MEAN Stack Template (1) - עותק\backend\node_modules\mongoose\lib\model.js:4516:21)
    at _populate (C:\Users\User\Desktop\shlomtzion\‏‏01 - MEAN Stack Template (1) - עותק\backend\node_modules\mongoose\lib\model.js:4476:5)
    at C:\Users\User\Desktop\shlomtzion\‏‏01 - MEAN Stack Template (1) - עותק\backend\node_modules\mongoose\lib\model.js:4448:5
    at new Promise (<anonymous>)
    at Function.populate (C:\Users\User\Desktop\shlomtzion\‏‏01 - MEAN Stack Template (1) - עותק\backend\node_modules\mongoose\lib\model.js:4447:10)
---------------------------------------

Time: Sun Sep 08 2024 13:31:16 GMT+0300 (שעון ישראל (קיץ))
Message: Schema hasn't been registered for model "Category".
Use mongoose.model(name, schema)
Stack: MissingSchemaError: Schema hasn't been registered for model "Category".
Use mongoose.model(name, schema)
    at NativeConnection.Connection.model (C:\Users\User\Desktop\shlomtzion\‏‏01 - MEAN Stack Template (1) - עותק\backend\node_modules\mongoose\lib\connection.js:1218:13)
    at _getModelFromConn (C:\Users\User\Desktop\shlomtzion\‏‏01 - MEAN Stack Template (1) - עותק\backend\node_modules\mongoose\lib\helpers\populate\getModelsMapForPopulate.js:569:15)
    at addModelNamesToMap (C:\Users\User\Desktop\shlomtzion\‏‏01 - MEAN Stack Template (1) - עותק\backend\node_modules\mongoose\lib\helpers\populate\getModelsMapForPopulate.js:496:17)
    at _virtualPopulate (C:\Users\User\Desktop\shlomtzion\‏‏01 - MEAN Stack Template (1) - עותק\backend\node_modules\mongoose\lib\helpers\populate\getModelsMapForPopulate.js:454:7)
    at getModelsMapForPopulate (C:\Users\User\Desktop\shlomtzion\‏‏01 - MEAN Stack Template (1) - עותק\backend\node_modules\mongoose\lib\helpers\populate\getModelsMapForPopulate.js:42:12)
    at populate (C:\Users\User\Desktop\shlomtzion\‏‏01 - MEAN Stack Template (1) - עותק\backend\node_modules\mongoose\lib\model.js:4516:21)
    at _populate (C:\Users\User\Desktop\shlomtzion\‏‏01 - MEAN Stack Template (1) - עותק\backend\node_modules\mongoose\lib\model.js:4476:5)
    at C:\Users\User\Desktop\shlomtzion\‏‏01 - MEAN Stack Template (1) - עותק\backend\node_modules\mongoose\lib\model.js:4448:5
    at new Promise (<anonymous>)
    at Function.populate (C:\Users\User\Desktop\shlomtzion\‏‏01 - MEAN Stack Template (1) - עותק\backend\node_modules\mongoose\lib\model.js:4447:10)
---------------------------------------

Time: Sun Sep 08 2024 13:31:35 GMT+0300 (שעון ישראל (קיץ))
Message: Cannot populate path `categoryDetails` because it is not in your schema. Set the `strictPopulate` option to false to override.
Stack: StrictPopulateError: Cannot populate path `categoryDetails` because it is not in your schema. Set the `strictPopulate` option to false to override.
    at getModelsMapForPopulate (C:\Users\User\Desktop\shlomtzion\‏‏01 - MEAN Stack Template (1) - עותק\backend\node_modules\mongoose\lib\helpers\populate\getModelsMapForPopulate.js:50:12)
    at populate (C:\Users\User\Desktop\shlomtzion\‏‏01 - MEAN Stack Template (1) - עותק\backend\node_modules\mongoose\lib\model.js:4516:21)
    at _populate (C:\Users\User\Desktop\shlomtzion\‏‏01 - MEAN Stack Template (1) - עותק\backend\node_modules\mongoose\lib\model.js:4476:5)
    at C:\Users\User\Desktop\shlomtzion\‏‏01 - MEAN Stack Template (1) - עותק\backend\node_modules\mongoose\lib\model.js:4448:5
    at new Promise (<anonymous>)
    at Function.populate (C:\Users\User\Desktop\shlomtzion\‏‏01 - MEAN Stack Template (1) - עותק\backend\node_modules\mongoose\lib\model.js:4447:10)
    at model.Query._find (C:\Users\User\Desktop\shlomtzion\‏‏01 - MEAN Stack Template (1) - עותק\backend\node_modules\mongoose\lib\query.js:2288:20)
    at processTicksAndRejections (node:internal/process/task_queues:95:5)
    at async model.Query.exec (C:\Users\User\Desktop\shlomtzion\‏‏01 - MEAN Stack Template (1) - עותק\backend\node_modules\mongoose\lib\query.js:4342:63)
---------------------------------------

Time: Sun Sep 08 2024 15:22:32 GMT+0300 (שעון ישראל (קיץ))
Message: something went wrong
Stack: undefined
---------------------------------------

Time: Sun Sep 08 2024 15:23:56 GMT+0300 (שעון ישראל (קיץ))
Message: something went wrong
Stack: undefined
---------------------------------------

Time: Sun Sep 08 2024 15:24:50 GMT+0300 (שעון ישראל (קיץ))
Message: something went wrong
Stack: undefined
---------------------------------------

Time: Sun Sep 08 2024 15:27:07 GMT+0300 (שעון ישראל (קיץ))
Message: something went wrong
Stack: undefined
---------------------------------------

Time: Sun Sep 08 2024 15:27:59 GMT+0300 (שעון ישראל (קיץ))
Message: something went wrong
Stack: undefined
---------------------------------------

Time: Sun Sep 08 2024 15:28:31 GMT+0300 (שעון ישראל (קיץ))
Message: something went wrong
Stack: undefined
---------------------------------------

Time: Sun Sep 08 2024 15:31:07 GMT+0300 (שעון ישראל (קיץ))
Message: something went wrong
Stack: undefined
---------------------------------------

Time: Sun Sep 08 2024 15:31:51 GMT+0300 (שעון ישראל (קיץ))
Message: something went wrong
Stack: undefined
---------------------------------------

Time: Mon Sep 09 2024 12:12:26 GMT+0300 (שעון ישראל (קיץ))
Message: something went wrong
Stack: undefined
---------------------------------------

Time: Mon Sep 09 2024 12:38:34 GMT+0300 (שעון ישראל (קיץ))
Message: something went wrong
Stack: undefined
---------------------------------------

Time: Mon Sep 09 2024 12:39:36 GMT+0300 (שעון ישראל (קיץ))
Message: something went wrong
Stack: undefined
---------------------------------------

Time: Mon Sep 09 2024 12:41:39 GMT+0300 (שעון ישראל (קיץ))
Message: something went wrong
Stack: undefined
---------------------------------------

Time: Mon Sep 09 2024 12:42:08 GMT+0300 (שעון ישראל (קיץ))
Message: something went wrong
Stack: undefined
---------------------------------------

Time: Mon Sep 09 2024 12:47:05 GMT+0300 (שעון ישראל (קיץ))
Message: something went wrong
Stack: undefined
---------------------------------------

Time: Mon Sep 09 2024 12:52:37 GMT+0300 (שעון ישראל (קיץ))
Message: Cannot read properties of undefined (reading 'message')
Stack: TypeError: Cannot read properties of undefined (reading 'message')
    at TransactionService.addTransactions (C:\Users\User\Desktop\shlomtzion\‏‏01 - MEAN Stack Template (1) - עותק\backend\src\4-services\transaction-service.ts:15:49)
    at C:\Users\User\Desktop\shlomtzion\‏‏01 - MEAN Stack Template (1) - עותק\backend\src\5-controllers\transaction-controller.ts:34:63
    at Generator.next (<anonymous>)
    at C:\Users\User\Desktop\shlomtzion\‏‏01 - MEAN Stack Template (1) - עותק\backend\src\5-controllers\transaction-controller.ts:8:71
    at new Promise (<anonymous>)
    at __awaiter (C:\Users\User\Desktop\shlomtzion\‏‏01 - MEAN Stack Template (1) - עותק\backend\src\5-controllers\transaction-controller.ts:4:12)
    at addTransaction (C:\Users\User\Desktop\shlomtzion\‏‏01 - MEAN Stack Template (1) - עותק\backend\src\5-controllers\transaction-controller.ts:41:16)
    at Layer.handle [as handle_request] (C:\Users\User\Desktop\shlomtzion\‏‏01 - MEAN Stack Template (1) - עותק\backend\node_modules\express\lib\router\layer.js:95:5)
    at next (C:\Users\User\Desktop\shlomtzion\‏‏01 - MEAN Stack Template (1) - עותק\backend\node_modules\express\lib\router\route.js:144:13)
    at Route.dispatch (C:\Users\User\Desktop\shlomtzion\‏‏01 - MEAN Stack Template (1) - עותק\backend\node_modules\express\lib\router\route.js:114:3)
---------------------------------------

Time: Mon Sep 09 2024 12:52:47 GMT+0300 (שעון ישראל (קיץ))
Message: something went wrong
Stack: undefined
---------------------------------------

Time: Mon Sep 09 2024 12:53:02 GMT+0300 (שעון ישראל (קיץ))
Message: something went wrong
Stack: undefined
---------------------------------------

Time: Mon Sep 09 2024 13:02:59 GMT+0300 (שעון ישראל (קיץ))
Message: something went wrong
Stack: undefined
---------------------------------------

Time: Mon Sep 09 2024 13:03:37 GMT+0300 (שעון ישראל (קיץ))
Message: TransactionModel validation failed: amount: missing amount
Stack: undefined
---------------------------------------

Time: Mon Sep 09 2024 13:04:27 GMT+0300 (שעון ישראל (קיץ))
Message: TransactionModel validation failed: date: missing date
Stack: undefined
---------------------------------------

Time: Mon Sep 09 2024 13:05:54 GMT+0300 (שעון ישראל (קיץ))
Message: TransactionModel validation failed: date: missing date
Stack: ValidationError: TransactionModel validation failed: date: missing date
    at model.Document.invalidate (C:\Users\User\Desktop\shlomtzion\‏‏01 - MEAN Stack Template (1) - עותק\backend\node_modules\mongoose\lib\document.js:3306:32)
    at C:\Users\User\Desktop\shlomtzion\‏‏01 - MEAN Stack Template (1) - עותק\backend\node_modules\mongoose\lib\document.js:3067:17
    at C:\Users\User\Desktop\shlomtzion\‏‏01 - MEAN Stack Template (1) - עותק\backend\node_modules\mongoose\lib\schemaType.js:1388:9
    at processTicksAndRejections (node:internal/process/task_queues:77:11)
---------------------------------------

Time: Mon Sep 09 2024 13:06:18 GMT+0300 (שעון ישראל (קיץ))
Message: TransactionModel validation failed: amount: missing amount
Stack: ValidationError: TransactionModel validation failed: amount: missing amount
    at model.Document.invalidate (C:\Users\User\Desktop\shlomtzion\‏‏01 - MEAN Stack Template (1) - עותק\backend\node_modules\mongoose\lib\document.js:3306:32)
    at C:\Users\User\Desktop\shlomtzion\‏‏01 - MEAN Stack Template (1) - עותק\backend\node_modules\mongoose\lib\document.js:3067:17
    at C:\Users\User\Desktop\shlomtzion\‏‏01 - MEAN Stack Template (1) - עותק\backend\node_modules\mongoose\lib\schemaType.js:1388:9
    at processTicksAndRejections (node:internal/process/task_queues:77:11)
---------------------------------------

Time: Mon Sep 09 2024 13:06:46 GMT+0300 (שעון ישראל (קיץ))
Message: TransactionModel validation failed: amount: missing amount
Stack: undefined
---------------------------------------

Time: Mon Sep 09 2024 13:49:13 GMT+0300 (שעון ישראל (קיץ))
Message: Cast to ObjectId failed for value "66dd7706058c" (type string) at path "_id" for model "TransactionModel"
Stack: CastError: Cast to ObjectId failed for value "66dd7706058c" (type string) at path "_id" for model "TransactionModel"
    at SchemaObjectId.cast (C:\Users\User\Desktop\shlomtzion\‏‏01 - MEAN Stack Template (1) - עותק\backend\node_modules\mongoose\lib\schema\objectId.js:250:11)
    at SchemaObjectId.SchemaType.applySetters (C:\Users\User\Desktop\shlomtzion\‏‏01 - MEAN Stack Template (1) - עותק\backend\node_modules\mongoose\lib\schemaType.js:1236:12)
    at SchemaObjectId.SchemaType.castForQuery (C:\Users\User\Desktop\shlomtzion\‏‏01 - MEAN Stack Template (1) - עותק\backend\node_modules\mongoose\lib\schemaType.js:1653:17)
    at cast (C:\Users\User\Desktop\shlomtzion\‏‏01 - MEAN Stack Template (1) - עותק\backend\node_modules\mongoose\lib\cast.js:375:32)
    at model.Query.Query.cast (C:\Users\User\Desktop\shlomtzion\‏‏01 - MEAN Stack Template (1) - עותק\backend\node_modules\mongoose\lib\query.js:4798:12)
    at model.Query.Query._castConditions (C:\Users\User\Desktop\shlomtzion\‏‏01 - MEAN Stack Template (1) - עותק\backend\node_modules\mongoose\lib\query.js:2206:10)
    at model.Query._findOneAndUpdate (C:\Users\User\Desktop\shlomtzion\‏‏01 - MEAN Stack Template (1) - עותק\backend\node_modules\mongoose\lib\query.js:3292:8)
    at model.Query.exec (C:\Users\User\Desktop\shlomtzion\‏‏01 - MEAN Stack Template (1) - עותק\backend\node_modules\mongoose\lib\query.js:4342:80)
    at processTicksAndRejections (node:internal/process/task_queues:95:5)
---------------------------------------

Time: Mon Sep 09 2024 13:53:11 GMT+0300 (שעון ישראל (קיץ))
Message: Cast to ObjectId failed for value "66dd7706058c" (type string) at path "_id" for model "TransactionModel"
Stack: CastError: Cast to ObjectId failed for value "66dd7706058c" (type string) at path "_id" for model "TransactionModel"
    at SchemaObjectId.cast (C:\Users\User\Desktop\shlomtzion\‏‏01 - MEAN Stack Template (1) - עותק\backend\node_modules\mongoose\lib\schema\objectId.js:250:11)
    at SchemaObjectId.SchemaType.applySetters (C:\Users\User\Desktop\shlomtzion\‏‏01 - MEAN Stack Template (1) - עותק\backend\node_modules\mongoose\lib\schemaType.js:1236:12)
    at SchemaObjectId.SchemaType.castForQuery (C:\Users\User\Desktop\shlomtzion\‏‏01 - MEAN Stack Template (1) - עותק\backend\node_modules\mongoose\lib\schemaType.js:1653:17)
    at cast (C:\Users\User\Desktop\shlomtzion\‏‏01 - MEAN Stack Template (1) - עותק\backend\node_modules\mongoose\lib\cast.js:375:32)
    at model.Query.Query.cast (C:\Users\User\Desktop\shlomtzion\‏‏01 - MEAN Stack Template (1) - עותק\backend\node_modules\mongoose\lib\query.js:4798:12)
    at model.Query.Query._castConditions (C:\Users\User\Desktop\shlomtzion\‏‏01 - MEAN Stack Template (1) - עותק\backend\node_modules\mongoose\lib\query.js:2206:10)
    at model.Query._findOneAndUpdate (C:\Users\User\Desktop\shlomtzion\‏‏01 - MEAN Stack Template (1) - עותק\backend\node_modules\mongoose\lib\query.js:3292:8)
    at model.Query.exec (C:\Users\User\Desktop\shlomtzion\‏‏01 - MEAN Stack Template (1) - עותק\backend\node_modules\mongoose\lib\query.js:4342:80)
    at processTicksAndRejections (node:internal/process/task_queues:95:5)
---------------------------------------

Time: Mon Sep 09 2024 13:55:21 GMT+0300 (שעון ישראל (קיץ))
Message: Cast to ObjectId failed for value "66dd7706058c" (type string) at path "_id" for model "TransactionModel"
Stack: CastError: Cast to ObjectId failed for value "66dd7706058c" (type string) at path "_id" for model "TransactionModel"
    at SchemaObjectId.cast (C:\Users\User\Desktop\shlomtzion\‏‏01 - MEAN Stack Template (1) - עותק\backend\node_modules\mongoose\lib\schema\objectId.js:250:11)
    at SchemaObjectId.SchemaType.applySetters (C:\Users\User\Desktop\shlomtzion\‏‏01 - MEAN Stack Template (1) - עותק\backend\node_modules\mongoose\lib\schemaType.js:1236:12)
    at SchemaObjectId.SchemaType.castForQuery (C:\Users\User\Desktop\shlomtzion\‏‏01 - MEAN Stack Template (1) - עותק\backend\node_modules\mongoose\lib\schemaType.js:1653:17)
    at cast (C:\Users\User\Desktop\shlomtzion\‏‏01 - MEAN Stack Template (1) - עותק\backend\node_modules\mongoose\lib\cast.js:375:32)
    at model.Query.Query.cast (C:\Users\User\Desktop\shlomtzion\‏‏01 - MEAN Stack Template (1) - עותק\backend\node_modules\mongoose\lib\query.js:4798:12)
    at model.Query.Query._castConditions (C:\Users\User\Desktop\shlomtzion\‏‏01 - MEAN Stack Template (1) - עותק\backend\node_modules\mongoose\lib\query.js:2206:10)
    at model.Query._findOne (C:\Users\User\Desktop\shlomtzion\‏‏01 - MEAN Stack Template (1) - עותק\backend\node_modules\mongoose\lib\query.js:2526:8)
    at model.Query.exec (C:\Users\User\Desktop\shlomtzion\‏‏01 - MEAN Stack Template (1) - עותק\backend\node_modules\mongoose\lib\query.js:4342:80)
    at processTicksAndRejections (node:internal/process/task_queues:95:5)
---------------------------------------

Time: Mon Sep 09 2024 13:55:31 GMT+0300 (שעון ישראל (קיץ))
Message: Cast to ObjectId failed for value "66dd7706058c" (type string) at path "_id" for model "TransactionModel"
Stack: CastError: Cast to ObjectId failed for value "66dd7706058c" (type string) at path "_id" for model "TransactionModel"
    at SchemaObjectId.cast (C:\Users\User\Desktop\shlomtzion\‏‏01 - MEAN Stack Template (1) - עותק\backend\node_modules\mongoose\lib\schema\objectId.js:250:11)
    at SchemaObjectId.SchemaType.applySetters (C:\Users\User\Desktop\shlomtzion\‏‏01 - MEAN Stack Template (1) - עותק\backend\node_modules\mongoose\lib\schemaType.js:1236:12)
    at SchemaObjectId.SchemaType.castForQuery (C:\Users\User\Desktop\shlomtzion\‏‏01 - MEAN Stack Template (1) - עותק\backend\node_modules\mongoose\lib\schemaType.js:1653:17)
    at cast (C:\Users\User\Desktop\shlomtzion\‏‏01 - MEAN Stack Template (1) - עותק\backend\node_modules\mongoose\lib\cast.js:375:32)
    at model.Query.Query.cast (C:\Users\User\Desktop\shlomtzion\‏‏01 - MEAN Stack Template (1) - עותק\backend\node_modules\mongoose\lib\query.js:4798:12)
    at model.Query.Query._castConditions (C:\Users\User\Desktop\shlomtzion\‏‏01 - MEAN Stack Template (1) - עותק\backend\node_modules\mongoose\lib\query.js:2206:10)
    at model.Query._findOne (C:\Users\User\Desktop\shlomtzion\‏‏01 - MEAN Stack Template (1) - עותק\backend\node_modules\mongoose\lib\query.js:2526:8)
    at model.Query.exec (C:\Users\User\Desktop\shlomtzion\‏‏01 - MEAN Stack Template (1) - עותק\backend\node_modules\mongoose\lib\query.js:4342:80)
    at processTicksAndRejections (node:internal/process/task_queues:95:5)
---------------------------------------

Time: Mon Sep 09 2024 14:03:59 GMT+0300 (שעון ישראל (קיץ))
Message: Cast to ObjectId failed for value "66dd7706058c" (type string) at path "_id" for model "TransactionModel"
Stack: CastError: Cast to ObjectId failed for value "66dd7706058c" (type string) at path "_id" for model "TransactionModel"
    at SchemaObjectId.cast (C:\Users\User\Desktop\shlomtzion\‏‏01 - MEAN Stack Template (1) - עותק\backend\node_modules\mongoose\lib\schema\objectId.js:250:11)
    at SchemaObjectId.SchemaType.applySetters (C:\Users\User\Desktop\shlomtzion\‏‏01 - MEAN Stack Template (1) - עותק\backend\node_modules\mongoose\lib\schemaType.js:1236:12)
    at SchemaObjectId.SchemaType.castForQuery (C:\Users\User\Desktop\shlomtzion\‏‏01 - MEAN Stack Template (1) - עותק\backend\node_modules\mongoose\lib\schemaType.js:1653:17)
    at cast (C:\Users\User\Desktop\shlomtzion\‏‏01 - MEAN Stack Template (1) - עותק\backend\node_modules\mongoose\lib\cast.js:375:32)
    at model.Query.Query.cast (C:\Users\User\Desktop\shlomtzion\‏‏01 - MEAN Stack Template (1) - עותק\backend\node_modules\mongoose\lib\query.js:4798:12)
    at model.Query.Query._castConditions (C:\Users\User\Desktop\shlomtzion\‏‏01 - MEAN Stack Template (1) - עותק\backend\node_modules\mongoose\lib\query.js:2206:10)
    at model.Query._findOne (C:\Users\User\Desktop\shlomtzion\‏‏01 - MEAN Stack Template (1) - עותק\backend\node_modules\mongoose\lib\query.js:2526:8)
    at model.Query.exec (C:\Users\User\Desktop\shlomtzion\‏‏01 - MEAN Stack Template (1) - עותק\backend\node_modules\mongoose\lib\query.js:4342:80)
    at processTicksAndRejections (node:internal/process/task_queues:95:5)
---------------------------------------

Time: Mon Sep 09 2024 14:04:30 GMT+0300 (שעון ישראל (קיץ))
Message: Cast to ObjectId failed for value "66dd7706058c" (type string) at path "_id" for model "TransactionModel"
Stack: CastError: Cast to ObjectId failed for value "66dd7706058c" (type string) at path "_id" for model "TransactionModel"
    at SchemaObjectId.cast (C:\Users\User\Desktop\shlomtzion\‏‏01 - MEAN Stack Template (1) - עותק\backend\node_modules\mongoose\lib\schema\objectId.js:250:11)
    at SchemaObjectId.SchemaType.applySetters (C:\Users\User\Desktop\shlomtzion\‏‏01 - MEAN Stack Template (1) - עותק\backend\node_modules\mongoose\lib\schemaType.js:1236:12)
    at SchemaObjectId.SchemaType.castForQuery (C:\Users\User\Desktop\shlomtzion\‏‏01 - MEAN Stack Template (1) - עותק\backend\node_modules\mongoose\lib\schemaType.js:1653:17)
    at cast (C:\Users\User\Desktop\shlomtzion\‏‏01 - MEAN Stack Template (1) - עותק\backend\node_modules\mongoose\lib\cast.js:375:32)
    at model.Query.Query.cast (C:\Users\User\Desktop\shlomtzion\‏‏01 - MEAN Stack Template (1) - עותק\backend\node_modules\mongoose\lib\query.js:4798:12)
    at model.Query.Query._castConditions (C:\Users\User\Desktop\shlomtzion\‏‏01 - MEAN Stack Template (1) - עותק\backend\node_modules\mongoose\lib\query.js:2206:10)
    at model.Query._findOne (C:\Users\User\Desktop\shlomtzion\‏‏01 - MEAN Stack Template (1) - עותק\backend\node_modules\mongoose\lib\query.js:2526:8)
    at model.Query.exec (C:\Users\User\Desktop\shlomtzion\‏‏01 - MEAN Stack Template (1) - עותק\backend\node_modules\mongoose\lib\query.js:4342:80)
    at processTicksAndRejections (node:internal/process/task_queues:95:5)
---------------------------------------

Time: Mon Sep 09 2024 14:04:58 GMT+0300 (שעון ישראל (קיץ))
Message: Cast to ObjectId failed for value "66dd7706058c" (type string) at path "_id" for model "TransactionModel"
Stack: CastError: Cast to ObjectId failed for value "66dd7706058c" (type string) at path "_id" for model "TransactionModel"
    at SchemaObjectId.cast (C:\Users\User\Desktop\shlomtzion\‏‏01 - MEAN Stack Template (1) - עותק\backend\node_modules\mongoose\lib\schema\objectId.js:250:11)
    at SchemaObjectId.SchemaType.applySetters (C:\Users\User\Desktop\shlomtzion\‏‏01 - MEAN Stack Template (1) - עותק\backend\node_modules\mongoose\lib\schemaType.js:1236:12)
    at SchemaObjectId.SchemaType.castForQuery (C:\Users\User\Desktop\shlomtzion\‏‏01 - MEAN Stack Template (1) - עותק\backend\node_modules\mongoose\lib\schemaType.js:1653:17)
    at cast (C:\Users\User\Desktop\shlomtzion\‏‏01 - MEAN Stack Template (1) - עותק\backend\node_modules\mongoose\lib\cast.js:375:32)
    at model.Query.Query.cast (C:\Users\User\Desktop\shlomtzion\‏‏01 - MEAN Stack Template (1) - עותק\backend\node_modules\mongoose\lib\query.js:4798:12)
    at model.Query.Query._castConditions (C:\Users\User\Desktop\shlomtzion\‏‏01 - MEAN Stack Template (1) - עותק\backend\node_modules\mongoose\lib\query.js:2206:10)
    at model.Query._findOne (C:\Users\User\Desktop\shlomtzion\‏‏01 - MEAN Stack Template (1) - עותק\backend\node_modules\mongoose\lib\query.js:2526:8)
    at model.Query.exec (C:\Users\User\Desktop\shlomtzion\‏‏01 - MEAN Stack Template (1) - עותק\backend\node_modules\mongoose\lib\query.js:4342:80)
    at processTicksAndRejections (node:internal/process/task_queues:95:5)
---------------------------------------

Time: Mon Sep 09 2024 14:07:12 GMT+0300 (שעון ישראל (קיץ))
Message: Cast to ObjectId failed for value "66dd7706058cd23d4f15c" (type string) at path "_id" for model "TransactionModel"
Stack: CastError: Cast to ObjectId failed for value "66dd7706058cd23d4f15c" (type string) at path "_id" for model "TransactionModel"
    at SchemaObjectId.cast (C:\Users\User\Desktop\shlomtzion\‏‏01 - MEAN Stack Template (1) - עותק\backend\node_modules\mongoose\lib\schema\objectId.js:250:11)
    at SchemaObjectId.SchemaType.applySetters (C:\Users\User\Desktop\shlomtzion\‏‏01 - MEAN Stack Template (1) - עותק\backend\node_modules\mongoose\lib\schemaType.js:1236:12)
    at SchemaObjectId.SchemaType.castForQuery (C:\Users\User\Desktop\shlomtzion\‏‏01 - MEAN Stack Template (1) - עותק\backend\node_modules\mongoose\lib\schemaType.js:1653:17)
    at cast (C:\Users\User\Desktop\shlomtzion\‏‏01 - MEAN Stack Template (1) - עותק\backend\node_modules\mongoose\lib\cast.js:375:32)
    at model.Query.Query.cast (C:\Users\User\Desktop\shlomtzion\‏‏01 - MEAN Stack Template (1) - עותק\backend\node_modules\mongoose\lib\query.js:4798:12)
    at model.Query.Query._castConditions (C:\Users\User\Desktop\shlomtzion\‏‏01 - MEAN Stack Template (1) - עותק\backend\node_modules\mongoose\lib\query.js:2206:10)
    at model.Query._findOne (C:\Users\User\Desktop\shlomtzion\‏‏01 - MEAN Stack Template (1) - עותק\backend\node_modules\mongoose\lib\query.js:2526:8)
    at model.Query.exec (C:\Users\User\Desktop\shlomtzion\‏‏01 - MEAN Stack Template (1) - עותק\backend\node_modules\mongoose\lib\query.js:4342:80)
    at processTicksAndRejections (node:internal/process/task_queues:95:5)
---------------------------------------

Time: Mon Sep 09 2024 14:14:48 GMT+0300 (שעון ישראל (קיץ))
Message: Cast to ObjectId failed for value "66dd7706058cd23d4f" (type string) at path "_id" for model "TransactionModel"
Stack: CastError: Cast to ObjectId failed for value "66dd7706058cd23d4f" (type string) at path "_id" for model "TransactionModel"
    at SchemaObjectId.cast (C:\Users\User\Desktop\shlomtzion\‏‏01 - MEAN Stack Template (1) - עותק\backend\node_modules\mongoose\lib\schema\objectId.js:250:11)
    at SchemaObjectId.SchemaType.applySetters (C:\Users\User\Desktop\shlomtzion\‏‏01 - MEAN Stack Template (1) - עותק\backend\node_modules\mongoose\lib\schemaType.js:1236:12)
    at SchemaObjectId.SchemaType.castForQuery (C:\Users\User\Desktop\shlomtzion\‏‏01 - MEAN Stack Template (1) - עותק\backend\node_modules\mongoose\lib\schemaType.js:1653:17)
    at cast (C:\Users\User\Desktop\shlomtzion\‏‏01 - MEAN Stack Template (1) - עותק\backend\node_modules\mongoose\lib\cast.js:375:32)
    at model.Query.Query.cast (C:\Users\User\Desktop\shlomtzion\‏‏01 - MEAN Stack Template (1) - עותק\backend\node_modules\mongoose\lib\query.js:4798:12)
    at model.Query.Query._castConditions (C:\Users\User\Desktop\shlomtzion\‏‏01 - MEAN Stack Template (1) - עותק\backend\node_modules\mongoose\lib\query.js:2206:10)
    at model.Query._findOne (C:\Users\User\Desktop\shlomtzion\‏‏01 - MEAN Stack Template (1) - עותק\backend\node_modules\mongoose\lib\query.js:2526:8)
    at model.Query.exec (C:\Users\User\Desktop\shlomtzion\‏‏01 - MEAN Stack Template (1) - עותק\backend\node_modules\mongoose\lib\query.js:4342:80)
    at processTicksAndRejections (node:internal/process/task_queues:95:5)
---------------------------------------

Time: Mon Sep 09 2024 14:15:41 GMT+0300 (שעון ישראל (קיץ))
Message: Cast to ObjectId failed for value "66dd7706058cd23d4f" (type string) at path "_id" for model "TransactionModel"
Stack: CastError: Cast to ObjectId failed for value "66dd7706058cd23d4f" (type string) at path "_id" for model "TransactionModel"
    at SchemaObjectId.cast (C:\Users\User\Desktop\shlomtzion\‏‏01 - MEAN Stack Template (1) - עותק\backend\node_modules\mongoose\lib\schema\objectId.js:250:11)
    at SchemaObjectId.SchemaType.applySetters (C:\Users\User\Desktop\shlomtzion\‏‏01 - MEAN Stack Template (1) - עותק\backend\node_modules\mongoose\lib\schemaType.js:1236:12)
    at SchemaObjectId.SchemaType.castForQuery (C:\Users\User\Desktop\shlomtzion\‏‏01 - MEAN Stack Template (1) - עותק\backend\node_modules\mongoose\lib\schemaType.js:1653:17)
    at cast (C:\Users\User\Desktop\shlomtzion\‏‏01 - MEAN Stack Template (1) - עותק\backend\node_modules\mongoose\lib\cast.js:375:32)
    at model.Query.Query.cast (C:\Users\User\Desktop\shlomtzion\‏‏01 - MEAN Stack Template (1) - עותק\backend\node_modules\mongoose\lib\query.js:4798:12)
    at model.Query.Query._castConditions (C:\Users\User\Desktop\shlomtzion\‏‏01 - MEAN Stack Template (1) - עותק\backend\node_modules\mongoose\lib\query.js:2206:10)
    at model.Query._find (C:\Users\User\Desktop\shlomtzion\‏‏01 - MEAN Stack Template (1) - עותק\backend\node_modules\mongoose\lib\query.js:2233:8)
    at model.Query.exec (C:\Users\User\Desktop\shlomtzion\‏‏01 - MEAN Stack Template (1) - עותק\backend\node_modules\mongoose\lib\query.js:4342:80)
    at processTicksAndRejections (node:internal/process/task_queues:95:5)
---------------------------------------

Time: Mon Sep 09 2024 14:16:36 GMT+0300 (שעון ישראל (קיץ))
Message: Cast to ObjectId failed for value "66dd7706058cd23d4f" (type string) at path "_id" for model "TransactionModel"
Stack: CastError: Cast to ObjectId failed for value "66dd7706058cd23d4f" (type string) at path "_id" for model "TransactionModel"
    at SchemaObjectId.cast (C:\Users\User\Desktop\shlomtzion\‏‏01 - MEAN Stack Template (1) - עותק\backend\node_modules\mongoose\lib\schema\objectId.js:250:11)
    at SchemaObjectId.SchemaType.applySetters (C:\Users\User\Desktop\shlomtzion\‏‏01 - MEAN Stack Template (1) - עותק\backend\node_modules\mongoose\lib\schemaType.js:1236:12)
    at SchemaObjectId.SchemaType.castForQuery (C:\Users\User\Desktop\shlomtzion\‏‏01 - MEAN Stack Template (1) - עותק\backend\node_modules\mongoose\lib\schemaType.js:1653:17)
    at cast (C:\Users\User\Desktop\shlomtzion\‏‏01 - MEAN Stack Template (1) - עותק\backend\node_modules\mongoose\lib\cast.js:375:32)
    at model.Query.Query.cast (C:\Users\User\Desktop\shlomtzion\‏‏01 - MEAN Stack Template (1) - עותק\backend\node_modules\mongoose\lib\query.js:4798:12)
    at model.Query.Query._castConditions (C:\Users\User\Desktop\shlomtzion\‏‏01 - MEAN Stack Template (1) - עותק\backend\node_modules\mongoose\lib\query.js:2206:10)
    at model.Query._find (C:\Users\User\Desktop\shlomtzion\‏‏01 - MEAN Stack Template (1) - עותק\backend\node_modules\mongoose\lib\query.js:2233:8)
    at model.Query.exec (C:\Users\User\Desktop\shlomtzion\‏‏01 - MEAN Stack Template (1) - עותק\backend\node_modules\mongoose\lib\query.js:4342:80)
    at processTicksAndRejections (node:internal/process/task_queues:95:5)
---------------------------------------

Time: Mon Sep 09 2024 14:18:50 GMT+0300 (שעון ישראל (קיץ))
Message: Cast to ObjectId failed for value "66dd7706058cd23d4f" (type string) at path "_id" for model "TransactionModel"
Stack: CastError: Cast to ObjectId failed for value "66dd7706058cd23d4f" (type string) at path "_id" for model "TransactionModel"
    at SchemaObjectId.cast (C:\Users\User\Desktop\shlomtzion\‏‏01 - MEAN Stack Template (1) - עותק\backend\node_modules\mongoose\lib\schema\objectId.js:250:11)
    at SchemaObjectId.SchemaType.applySetters (C:\Users\User\Desktop\shlomtzion\‏‏01 - MEAN Stack Template (1) - עותק\backend\node_modules\mongoose\lib\schemaType.js:1236:12)
    at SchemaObjectId.SchemaType.castForQuery (C:\Users\User\Desktop\shlomtzion\‏‏01 - MEAN Stack Template (1) - עותק\backend\node_modules\mongoose\lib\schemaType.js:1653:17)
    at cast (C:\Users\User\Desktop\shlomtzion\‏‏01 - MEAN Stack Template (1) - עותק\backend\node_modules\mongoose\lib\cast.js:375:32)
    at model.Query.Query.cast (C:\Users\User\Desktop\shlomtzion\‏‏01 - MEAN Stack Template (1) - עותק\backend\node_modules\mongoose\lib\query.js:4798:12)
    at model.Query.Query._castConditions (C:\Users\User\Desktop\shlomtzion\‏‏01 - MEAN Stack Template (1) - עותק\backend\node_modules\mongoose\lib\query.js:2206:10)
    at model.Query._findOneAndUpdate (C:\Users\User\Desktop\shlomtzion\‏‏01 - MEAN Stack Template (1) - עותק\backend\node_modules\mongoose\lib\query.js:3292:8)
    at model.Query.exec (C:\Users\User\Desktop\shlomtzion\‏‏01 - MEAN Stack Template (1) - עותק\backend\node_modules\mongoose\lib\query.js:4342:80)
    at processTicksAndRejections (node:internal/process/task_queues:95:5)
---------------------------------------

Time: Mon Sep 09 2024 14:19:12 GMT+0300 (שעון ישראל (קיץ))
Message: undefined
Stack: undefined
---------------------------------------

Time: Mon Sep 09 2024 14:20:03 GMT+0300 (שעון ישראל (קיץ))
Message: undefined
Stack: undefined
---------------------------------------

Time: Mon Sep 09 2024 14:21:19 GMT+0300 (שעון ישראל (קיץ))
Message: Cast to ObjectId failed for value "66dd7706058cd23d4f" (type string) at path "_id" for model "TransactionModel"
Stack: CastError: Cast to ObjectId failed for value "66dd7706058cd23d4f" (type string) at path "_id" for model "TransactionModel"
    at SchemaObjectId.cast (C:\Users\User\Desktop\shlomtzion\‏‏01 - MEAN Stack Template (1) - עותק\backend\node_modules\mongoose\lib\schema\objectId.js:250:11)
    at SchemaObjectId.SchemaType.applySetters (C:\Users\User\Desktop\shlomtzion\‏‏01 - MEAN Stack Template (1) - עותק\backend\node_modules\mongoose\lib\schemaType.js:1236:12)
    at SchemaObjectId.SchemaType.castForQuery (C:\Users\User\Desktop\shlomtzion\‏‏01 - MEAN Stack Template (1) - עותק\backend\node_modules\mongoose\lib\schemaType.js:1653:17)
    at cast (C:\Users\User\Desktop\shlomtzion\‏‏01 - MEAN Stack Template (1) - עותק\backend\node_modules\mongoose\lib\cast.js:375:32)
    at model.Query.Query.cast (C:\Users\User\Desktop\shlomtzion\‏‏01 - MEAN Stack Template (1) - עותק\backend\node_modules\mongoose\lib\query.js:4798:12)
    at model.Query.Query._castConditions (C:\Users\User\Desktop\shlomtzion\‏‏01 - MEAN Stack Template (1) - עותק\backend\node_modules\mongoose\lib\query.js:2206:10)
    at model.Query._find (C:\Users\User\Desktop\shlomtzion\‏‏01 - MEAN Stack Template (1) - עותק\backend\node_modules\mongoose\lib\query.js:2233:8)
    at model.Query.exec (C:\Users\User\Desktop\shlomtzion\‏‏01 - MEAN Stack Template (1) - עותק\backend\node_modules\mongoose\lib\query.js:4342:80)
    at processTicksAndRejections (node:internal/process/task_queues:95:5)
---------------------------------------

Time: Mon Sep 09 2024 14:21:45 GMT+0300 (שעון ישראל (קיץ))
Message: Cast to ObjectId failed for value "66dd7706058cd23d4f" (type string) at path "_id" for model "TransactionModel"
Stack: CastError: Cast to ObjectId failed for value "66dd7706058cd23d4f" (type string) at path "_id" for model "TransactionModel"
    at SchemaObjectId.cast (C:\Users\User\Desktop\shlomtzion\‏‏01 - MEAN Stack Template (1) - עותק\backend\node_modules\mongoose\lib\schema\objectId.js:250:11)
    at SchemaObjectId.SchemaType.applySetters (C:\Users\User\Desktop\shlomtzion\‏‏01 - MEAN Stack Template (1) - עותק\backend\node_modules\mongoose\lib\schemaType.js:1236:12)
    at SchemaObjectId.SchemaType.castForQuery (C:\Users\User\Desktop\shlomtzion\‏‏01 - MEAN Stack Template (1) - עותק\backend\node_modules\mongoose\lib\schemaType.js:1653:17)
    at cast (C:\Users\User\Desktop\shlomtzion\‏‏01 - MEAN Stack Template (1) - עותק\backend\node_modules\mongoose\lib\cast.js:375:32)
    at model.Query.Query.cast (C:\Users\User\Desktop\shlomtzion\‏‏01 - MEAN Stack Template (1) - עותק\backend\node_modules\mongoose\lib\query.js:4798:12)
    at model.Query.Query._castConditions (C:\Users\User\Desktop\shlomtzion\‏‏01 - MEAN Stack Template (1) - עותק\backend\node_modules\mongoose\lib\query.js:2206:10)
    at model.Query._find (C:\Users\User\Desktop\shlomtzion\‏‏01 - MEAN Stack Template (1) - עותק\backend\node_modules\mongoose\lib\query.js:2233:8)
    at model.Query.exec (C:\Users\User\Desktop\shlomtzion\‏‏01 - MEAN Stack Template (1) - עותק\backend\node_modules\mongoose\lib\query.js:4342:80)
    at processTicksAndRejections (node:internal/process/task_queues:95:5)
---------------------------------------

Time: Mon Sep 09 2024 14:21:53 GMT+0300 (שעון ישראל (קיץ))
Message: Cast to ObjectId failed for value "66dd7706058cd23d4f" (type string) at path "_id" for model "TransactionModel"
Stack: CastError: Cast to ObjectId failed for value "66dd7706058cd23d4f" (type string) at path "_id" for model "TransactionModel"
    at SchemaObjectId.cast (C:\Users\User\Desktop\shlomtzion\‏‏01 - MEAN Stack Template (1) - עותק\backend\node_modules\mongoose\lib\schema\objectId.js:250:11)
    at SchemaObjectId.SchemaType.applySetters (C:\Users\User\Desktop\shlomtzion\‏‏01 - MEAN Stack Template (1) - עותק\backend\node_modules\mongoose\lib\schemaType.js:1236:12)
    at SchemaObjectId.SchemaType.castForQuery (C:\Users\User\Desktop\shlomtzion\‏‏01 - MEAN Stack Template (1) - עותק\backend\node_modules\mongoose\lib\schemaType.js:1653:17)
    at cast (C:\Users\User\Desktop\shlomtzion\‏‏01 - MEAN Stack Template (1) - עותק\backend\node_modules\mongoose\lib\cast.js:375:32)
    at model.Query.Query.cast (C:\Users\User\Desktop\shlomtzion\‏‏01 - MEAN Stack Template (1) - עותק\backend\node_modules\mongoose\lib\query.js:4798:12)
    at model.Query.Query._castConditions (C:\Users\User\Desktop\shlomtzion\‏‏01 - MEAN Stack Template (1) - עותק\backend\node_modules\mongoose\lib\query.js:2206:10)
    at model.Query._find (C:\Users\User\Desktop\shlomtzion\‏‏01 - MEAN Stack Template (1) - עותק\backend\node_modules\mongoose\lib\query.js:2233:8)
    at model.Query.exec (C:\Users\User\Desktop\shlomtzion\‏‏01 - MEAN Stack Template (1) - עותק\backend\node_modules\mongoose\lib\query.js:4342:80)
    at processTicksAndRejections (node:internal/process/task_queues:95:5)
---------------------------------------

Time: Mon Sep 09 2024 14:24:01 GMT+0300 (שעון ישראל (קיץ))
Message: Cast to ObjectId failed for value "66dd7706058cd23d4f" (type string) at path "_id" for model "TransactionModel"
Stack: CastError: Cast to ObjectId failed for value "66dd7706058cd23d4f" (type string) at path "_id" for model "TransactionModel"
    at SchemaObjectId.cast (C:\Users\User\Desktop\shlomtzion\‏‏01 - MEAN Stack Template (1) - עותק\backend\node_modules\mongoose\lib\schema\objectId.js:250:11)
    at SchemaObjectId.SchemaType.applySetters (C:\Users\User\Desktop\shlomtzion\‏‏01 - MEAN Stack Template (1) - עותק\backend\node_modules\mongoose\lib\schemaType.js:1236:12)
    at SchemaObjectId.SchemaType.castForQuery (C:\Users\User\Desktop\shlomtzion\‏‏01 - MEAN Stack Template (1) - עותק\backend\node_modules\mongoose\lib\schemaType.js:1653:17)
    at cast (C:\Users\User\Desktop\shlomtzion\‏‏01 - MEAN Stack Template (1) - עותק\backend\node_modules\mongoose\lib\cast.js:375:32)
    at model.Query.Query.cast (C:\Users\User\Desktop\shlomtzion\‏‏01 - MEAN Stack Template (1) - עותק\backend\node_modules\mongoose\lib\query.js:4798:12)
    at model.Query.Query._castConditions (C:\Users\User\Desktop\shlomtzion\‏‏01 - MEAN Stack Template (1) - עותק\backend\node_modules\mongoose\lib\query.js:2206:10)
    at model.Query._find (C:\Users\User\Desktop\shlomtzion\‏‏01 - MEAN Stack Template (1) - עותק\backend\node_modules\mongoose\lib\query.js:2233:8)
    at model.Query.exec (C:\Users\User\Desktop\shlomtzion\‏‏01 - MEAN Stack Template (1) - עותק\backend\node_modules\mongoose\lib\query.js:4342:80)
    at processTicksAndRejections (node:internal/process/task_queues:95:5)
---------------------------------------

Time: Mon Sep 09 2024 14:24:25 GMT+0300 (שעון ישראל (קיץ))
Message: Cast to ObjectId failed for value "66dd7706058cd23d4f" (type string) at path "_id" for model "TransactionModel"
Stack: CastError: Cast to ObjectId failed for value "66dd7706058cd23d4f" (type string) at path "_id" for model "TransactionModel"
    at SchemaObjectId.cast (C:\Users\User\Desktop\shlomtzion\‏‏01 - MEAN Stack Template (1) - עותק\backend\node_modules\mongoose\lib\schema\objectId.js:250:11)
    at SchemaObjectId.SchemaType.applySetters (C:\Users\User\Desktop\shlomtzion\‏‏01 - MEAN Stack Template (1) - עותק\backend\node_modules\mongoose\lib\schemaType.js:1236:12)
    at SchemaObjectId.SchemaType.castForQuery (C:\Users\User\Desktop\shlomtzion\‏‏01 - MEAN Stack Template (1) - עותק\backend\node_modules\mongoose\lib\schemaType.js:1653:17)
    at cast (C:\Users\User\Desktop\shlomtzion\‏‏01 - MEAN Stack Template (1) - עותק\backend\node_modules\mongoose\lib\cast.js:375:32)
    at model.Query.Query.cast (C:\Users\User\Desktop\shlomtzion\‏‏01 - MEAN Stack Template (1) - עותק\backend\node_modules\mongoose\lib\query.js:4798:12)
    at model.Query.Query._castConditions (C:\Users\User\Desktop\shlomtzion\‏‏01 - MEAN Stack Template (1) - עותק\backend\node_modules\mongoose\lib\query.js:2206:10)
    at model.Query._findOne (C:\Users\User\Desktop\shlomtzion\‏‏01 - MEAN Stack Template (1) - עותק\backend\node_modules\mongoose\lib\query.js:2526:8)
    at model.Query.exec (C:\Users\User\Desktop\shlomtzion\‏‏01 - MEAN Stack Template (1) - עותק\backend\node_modules\mongoose\lib\query.js:4342:80)
    at processTicksAndRejections (node:internal/process/task_queues:95:5)
---------------------------------------

Time: Mon Sep 09 2024 14:24:41 GMT+0300 (שעון ישראל (קיץ))
Message: undefined
Stack: undefined
---------------------------------------

Time: Mon Sep 09 2024 14:25:06 GMT+0300 (שעון ישראל (קיץ))
Message: Cast to ObjectId failed for value "66dd7706058cd23d4f" (type string) at path "_id" for model "TransactionModel"
Stack: CastError: Cast to ObjectId failed for value "66dd7706058cd23d4f" (type string) at path "_id" for model "TransactionModel"
    at SchemaObjectId.cast (C:\Users\User\Desktop\shlomtzion\‏‏01 - MEAN Stack Template (1) - עותק\backend\node_modules\mongoose\lib\schema\objectId.js:250:11)
    at SchemaObjectId.SchemaType.applySetters (C:\Users\User\Desktop\shlomtzion\‏‏01 - MEAN Stack Template (1) - עותק\backend\node_modules\mongoose\lib\schemaType.js:1236:12)
    at SchemaObjectId.SchemaType.castForQuery (C:\Users\User\Desktop\shlomtzion\‏‏01 - MEAN Stack Template (1) - עותק\backend\node_modules\mongoose\lib\schemaType.js:1653:17)
    at cast (C:\Users\User\Desktop\shlomtzion\‏‏01 - MEAN Stack Template (1) - עותק\backend\node_modules\mongoose\lib\cast.js:375:32)
    at model.Query.Query.cast (C:\Users\User\Desktop\shlomtzion\‏‏01 - MEAN Stack Template (1) - עותק\backend\node_modules\mongoose\lib\query.js:4798:12)
    at model.Query.Query._castConditions (C:\Users\User\Desktop\shlomtzion\‏‏01 - MEAN Stack Template (1) - עותק\backend\node_modules\mongoose\lib\query.js:2206:10)
    at model.Query._findOneAndUpdate (C:\Users\User\Desktop\shlomtzion\‏‏01 - MEAN Stack Template (1) - עותק\backend\node_modules\mongoose\lib\query.js:3292:8)
    at model.Query.exec (C:\Users\User\Desktop\shlomtzion\‏‏01 - MEAN Stack Template (1) - עותק\backend\node_modules\mongoose\lib\query.js:4342:80)
    at processTicksAndRejections (node:internal/process/task_queues:95:5)
---------------------------------------

Time: Mon Sep 09 2024 14:26:04 GMT+0300 (שעון ישראל (קיץ))
Message: Cast to ObjectId failed for value "66dd7706058cd" (type string) at path "_id" for model "TransactionModel"
Stack: CastError: Cast to ObjectId failed for value "66dd7706058cd" (type string) at path "_id" for model "TransactionModel"
    at SchemaObjectId.cast (C:\Users\User\Desktop\shlomtzion\‏‏01 - MEAN Stack Template (1) - עותק\backend\node_modules\mongoose\lib\schema\objectId.js:250:11)
    at SchemaObjectId.SchemaType.applySetters (C:\Users\User\Desktop\shlomtzion\‏‏01 - MEAN Stack Template (1) - עותק\backend\node_modules\mongoose\lib\schemaType.js:1236:12)
    at SchemaObjectId.SchemaType.castForQuery (C:\Users\User\Desktop\shlomtzion\‏‏01 - MEAN Stack Template (1) - עותק\backend\node_modules\mongoose\lib\schemaType.js:1653:17)
    at cast (C:\Users\User\Desktop\shlomtzion\‏‏01 - MEAN Stack Template (1) - עותק\backend\node_modules\mongoose\lib\cast.js:375:32)
    at model.Query.Query.cast (C:\Users\User\Desktop\shlomtzion\‏‏01 - MEAN Stack Template (1) - עותק\backend\node_modules\mongoose\lib\query.js:4798:12)
    at model.Query.Query._castConditions (C:\Users\User\Desktop\shlomtzion\‏‏01 - MEAN Stack Template (1) - עותק\backend\node_modules\mongoose\lib\query.js:2206:10)
    at model.Query._findOne (C:\Users\User\Desktop\shlomtzion\‏‏01 - MEAN Stack Template (1) - עותק\backend\node_modules\mongoose\lib\query.js:2526:8)
    at model.Query.exec (C:\Users\User\Desktop\shlomtzion\‏‏01 - MEAN Stack Template (1) - עותק\backend\node_modules\mongoose\lib\query.js:4342:80)
    at processTicksAndRejections (node:internal/process/task_queues:95:5)
---------------------------------------

Time: Mon Sep 09 2024 14:34:11 GMT+0300 (שעון ישראל (קיץ))
Message: Cast to ObjectId failed for value "66dd7706058cd" (type string) at path "_id" for model "TransactionModel"
Stack: CastError: Cast to ObjectId failed for value "66dd7706058cd" (type string) at path "_id" for model "TransactionModel"
    at SchemaObjectId.cast (C:\Users\User\Desktop\shlomtzion\‏‏01 - MEAN Stack Template (1) - עותק\backend\node_modules\mongoose\lib\schema\objectId.js:250:11)
    at SchemaObjectId.SchemaType.applySetters (C:\Users\User\Desktop\shlomtzion\‏‏01 - MEAN Stack Template (1) - עותק\backend\node_modules\mongoose\lib\schemaType.js:1236:12)
    at SchemaObjectId.SchemaType.castForQuery (C:\Users\User\Desktop\shlomtzion\‏‏01 - MEAN Stack Template (1) - עותק\backend\node_modules\mongoose\lib\schemaType.js:1653:17)
    at cast (C:\Users\User\Desktop\shlomtzion\‏‏01 - MEAN Stack Template (1) - עותק\backend\node_modules\mongoose\lib\cast.js:375:32)
    at model.Query.Query.cast (C:\Users\User\Desktop\shlomtzion\‏‏01 - MEAN Stack Template (1) - עותק\backend\node_modules\mongoose\lib\query.js:4798:12)
    at model.Query.Query._castConditions (C:\Users\User\Desktop\shlomtzion\‏‏01 - MEAN Stack Template (1) - עותק\backend\node_modules\mongoose\lib\query.js:2206:10)
    at model.Query._findOne (C:\Users\User\Desktop\shlomtzion\‏‏01 - MEAN Stack Template (1) - עותק\backend\node_modules\mongoose\lib\query.js:2526:8)
    at model.Query.exec (C:\Users\User\Desktop\shlomtzion\‏‏01 - MEAN Stack Template (1) - עותק\backend\node_modules\mongoose\lib\query.js:4342:80)
    at processTicksAndRejections (node:internal/process/task_queues:95:5)
---------------------------------------

Time: Mon Sep 09 2024 14:34:29 GMT+0300 (שעון ישראל (קיץ))
Message: Cast to ObjectId failed for value "66dd7706058cd" (type string) at path "_id" for model "TransactionModel"
Stack: CastError: Cast to ObjectId failed for value "66dd7706058cd" (type string) at path "_id" for model "TransactionModel"
    at SchemaObjectId.cast (C:\Users\User\Desktop\shlomtzion\‏‏01 - MEAN Stack Template (1) - עותק\backend\node_modules\mongoose\lib\schema\objectId.js:250:11)
    at SchemaObjectId.SchemaType.applySetters (C:\Users\User\Desktop\shlomtzion\‏‏01 - MEAN Stack Template (1) - עותק\backend\node_modules\mongoose\lib\schemaType.js:1236:12)
    at SchemaObjectId.SchemaType.castForQuery (C:\Users\User\Desktop\shlomtzion\‏‏01 - MEAN Stack Template (1) - עותק\backend\node_modules\mongoose\lib\schemaType.js:1653:17)
    at cast (C:\Users\User\Desktop\shlomtzion\‏‏01 - MEAN Stack Template (1) - עותק\backend\node_modules\mongoose\lib\cast.js:375:32)
    at model.Query.Query.cast (C:\Users\User\Desktop\shlomtzion\‏‏01 - MEAN Stack Template (1) - עותק\backend\node_modules\mongoose\lib\query.js:4798:12)
    at model.Query.Query._castConditions (C:\Users\User\Desktop\shlomtzion\‏‏01 - MEAN Stack Template (1) - עותק\backend\node_modules\mongoose\lib\query.js:2206:10)
    at model.Query._find (C:\Users\User\Desktop\shlomtzion\‏‏01 - MEAN Stack Template (1) - עותק\backend\node_modules\mongoose\lib\query.js:2233:8)
    at model.Query.exec (C:\Users\User\Desktop\shlomtzion\‏‏01 - MEAN Stack Template (1) - עותק\backend\node_modules\mongoose\lib\query.js:4342:80)
    at processTicksAndRejections (node:internal/process/task_queues:95:5)
---------------------------------------

Time: Mon Sep 09 2024 14:35:08 GMT+0300 (שעון ישראל (קיץ))
Message: Cast to ObjectId failed for value "66dd7706058cd" (type string) at path "_id" for model "TransactionModel"
Stack: CastError: Cast to ObjectId failed for value "66dd7706058cd" (type string) at path "_id" for model "TransactionModel"
    at SchemaObjectId.cast (C:\Users\User\Desktop\shlomtzion\‏‏01 - MEAN Stack Template (1) - עותק\backend\node_modules\mongoose\lib\schema\objectId.js:250:11)
    at SchemaObjectId.SchemaType.applySetters (C:\Users\User\Desktop\shlomtzion\‏‏01 - MEAN Stack Template (1) - עותק\backend\node_modules\mongoose\lib\schemaType.js:1236:12)
    at SchemaObjectId.SchemaType.castForQuery (C:\Users\User\Desktop\shlomtzion\‏‏01 - MEAN Stack Template (1) - עותק\backend\node_modules\mongoose\lib\schemaType.js:1653:17)
    at cast (C:\Users\User\Desktop\shlomtzion\‏‏01 - MEAN Stack Template (1) - עותק\backend\node_modules\mongoose\lib\cast.js:375:32)
    at model.Query.Query.cast (C:\Users\User\Desktop\shlomtzion\‏‏01 - MEAN Stack Template (1) - עותק\backend\node_modules\mongoose\lib\query.js:4798:12)
    at model.Query.Query._castConditions (C:\Users\User\Desktop\shlomtzion\‏‏01 - MEAN Stack Template (1) - עותק\backend\node_modules\mongoose\lib\query.js:2206:10)
    at model.Query._find (C:\Users\User\Desktop\shlomtzion\‏‏01 - MEAN Stack Template (1) - עותק\backend\node_modules\mongoose\lib\query.js:2233:8)
    at model.Query.exec (C:\Users\User\Desktop\shlomtzion\‏‏01 - MEAN Stack Template (1) - עותק\backend\node_modules\mongoose\lib\query.js:4342:80)
    at processTicksAndRejections (node:internal/process/task_queues:95:5)
---------------------------------------

Time: Mon Sep 09 2024 14:35:55 GMT+0300 (שעון ישראל (קיץ))
Message: Cast to ObjectId failed for value "66dd7706058cd" (type string) at path "_id" for model "TransactionModel"
Stack: CastError: Cast to ObjectId failed for value "66dd7706058cd" (type string) at path "_id" for model "TransactionModel"
    at SchemaObjectId.cast (C:\Users\User\Desktop\shlomtzion\‏‏01 - MEAN Stack Template (1) - עותק\backend\node_modules\mongoose\lib\schema\objectId.js:250:11)
    at SchemaObjectId.SchemaType.applySetters (C:\Users\User\Desktop\shlomtzion\‏‏01 - MEAN Stack Template (1) - עותק\backend\node_modules\mongoose\lib\schemaType.js:1236:12)
    at SchemaObjectId.SchemaType.castForQuery (C:\Users\User\Desktop\shlomtzion\‏‏01 - MEAN Stack Template (1) - עותק\backend\node_modules\mongoose\lib\schemaType.js:1653:17)
    at cast (C:\Users\User\Desktop\shlomtzion\‏‏01 - MEAN Stack Template (1) - עותק\backend\node_modules\mongoose\lib\cast.js:375:32)
    at model.Query.Query.cast (C:\Users\User\Desktop\shlomtzion\‏‏01 - MEAN Stack Template (1) - עותק\backend\node_modules\mongoose\lib\query.js:4798:12)
    at model.Query.Query._castConditions (C:\Users\User\Desktop\shlomtzion\‏‏01 - MEAN Stack Template (1) - עותק\backend\node_modules\mongoose\lib\query.js:2206:10)
    at model.Query._find (C:\Users\User\Desktop\shlomtzion\‏‏01 - MEAN Stack Template (1) - עותק\backend\node_modules\mongoose\lib\query.js:2233:8)
    at model.Query.exec (C:\Users\User\Desktop\shlomtzion\‏‏01 - MEAN Stack Template (1) - עותק\backend\node_modules\mongoose\lib\query.js:4342:80)
    at processTicksAndRejections (node:internal/process/task_queues:95:5)
---------------------------------------

Time: Mon Sep 09 2024 14:36:06 GMT+0300 (שעון ישראל (קיץ))
Message: undefined
Stack: undefined
---------------------------------------

Time: Mon Sep 09 2024 14:36:07 GMT+0300 (שעון ישראל (קיץ))
Message: undefined
Stack: undefined
---------------------------------------

Time: Mon Sep 09 2024 14:37:12 GMT+0300 (שעון ישראל (קיץ))
Message: Cast to ObjectId failed for value "66dd7706058cd" (type string) at path "_id" for model "TransactionModel"
Stack: CastError: Cast to ObjectId failed for value "66dd7706058cd" (type string) at path "_id" for model "TransactionModel"
    at SchemaObjectId.cast (C:\Users\User\Desktop\shlomtzion\‏‏01 - MEAN Stack Template (1) - עותק\backend\node_modules\mongoose\lib\schema\objectId.js:250:11)
    at SchemaObjectId.SchemaType.applySetters (C:\Users\User\Desktop\shlomtzion\‏‏01 - MEAN Stack Template (1) - עותק\backend\node_modules\mongoose\lib\schemaType.js:1236:12)
    at SchemaObjectId.SchemaType.castForQuery (C:\Users\User\Desktop\shlomtzion\‏‏01 - MEAN Stack Template (1) - עותק\backend\node_modules\mongoose\lib\schemaType.js:1653:17)
    at cast (C:\Users\User\Desktop\shlomtzion\‏‏01 - MEAN Stack Template (1) - עותק\backend\node_modules\mongoose\lib\cast.js:375:32)
    at model.Query.Query.cast (C:\Users\User\Desktop\shlomtzion\‏‏01 - MEAN Stack Template (1) - עותק\backend\node_modules\mongoose\lib\query.js:4798:12)
    at model.Query.Query._castConditions (C:\Users\User\Desktop\shlomtzion\‏‏01 - MEAN Stack Template (1) - עותק\backend\node_modules\mongoose\lib\query.js:2206:10)
    at model.Query._find (C:\Users\User\Desktop\shlomtzion\‏‏01 - MEAN Stack Template (1) - עותק\backend\node_modules\mongoose\lib\query.js:2233:8)
    at model.Query.exec (C:\Users\User\Desktop\shlomtzion\‏‏01 - MEAN Stack Template (1) - עותק\backend\node_modules\mongoose\lib\query.js:4342:80)
    at processTicksAndRejections (node:internal/process/task_queues:95:5)
---------------------------------------

Time: Mon Sep 09 2024 14:39:31 GMT+0300 (שעון ישראל (קיץ))
Message: Cast to ObjectId failed for value "66dd7706058cd" (type string) at path "_id" for model "TransactionModel"
Stack: CastError: Cast to ObjectId failed for value "66dd7706058cd" (type string) at path "_id" for model "TransactionModel"
    at SchemaObjectId.cast (C:\Users\User\Desktop\shlomtzion\‏‏01 - MEAN Stack Template (1) - עותק\backend\node_modules\mongoose\lib\schema\objectId.js:250:11)
    at SchemaObjectId.SchemaType.applySetters (C:\Users\User\Desktop\shlomtzion\‏‏01 - MEAN Stack Template (1) - עותק\backend\node_modules\mongoose\lib\schemaType.js:1236:12)
    at SchemaObjectId.SchemaType.castForQuery (C:\Users\User\Desktop\shlomtzion\‏‏01 - MEAN Stack Template (1) - עותק\backend\node_modules\mongoose\lib\schemaType.js:1653:17)
    at cast (C:\Users\User\Desktop\shlomtzion\‏‏01 - MEAN Stack Template (1) - עותק\backend\node_modules\mongoose\lib\cast.js:375:32)
    at model.Query.Query.cast (C:\Users\User\Desktop\shlomtzion\‏‏01 - MEAN Stack Template (1) - עותק\backend\node_modules\mongoose\lib\query.js:4798:12)
    at model.Query.Query._castConditions (C:\Users\User\Desktop\shlomtzion\‏‏01 - MEAN Stack Template (1) - עותק\backend\node_modules\mongoose\lib\query.js:2206:10)
    at model.Query._findOne (C:\Users\User\Desktop\shlomtzion\‏‏01 - MEAN Stack Template (1) - עותק\backend\node_modules\mongoose\lib\query.js:2526:8)
    at model.Query.exec (C:\Users\User\Desktop\shlomtzion\‏‏01 - MEAN Stack Template (1) - עותק\backend\node_modules\mongoose\lib\query.js:4342:80)
    at processTicksAndRejections (node:internal/process/task_queues:95:5)
---------------------------------------

Time: Mon Sep 09 2024 14:40:08 GMT+0300 (שעון ישראל (קיץ))
Message: Cast to ObjectId failed for value "66dd7706058cd" (type string) at path "_id" for model "TransactionModel"
Stack: CastError: Cast to ObjectId failed for value "66dd7706058cd" (type string) at path "_id" for model "TransactionModel"
    at SchemaObjectId.cast (C:\Users\User\Desktop\shlomtzion\‏‏01 - MEAN Stack Template (1) - עותק\backend\node_modules\mongoose\lib\schema\objectId.js:250:11)
    at SchemaObjectId.SchemaType.applySetters (C:\Users\User\Desktop\shlomtzion\‏‏01 - MEAN Stack Template (1) - עותק\backend\node_modules\mongoose\lib\schemaType.js:1236:12)
    at SchemaObjectId.SchemaType.castForQuery (C:\Users\User\Desktop\shlomtzion\‏‏01 - MEAN Stack Template (1) - עותק\backend\node_modules\mongoose\lib\schemaType.js:1653:17)
    at cast (C:\Users\User\Desktop\shlomtzion\‏‏01 - MEAN Stack Template (1) - עותק\backend\node_modules\mongoose\lib\cast.js:375:32)
    at model.Query.Query.cast (C:\Users\User\Desktop\shlomtzion\‏‏01 - MEAN Stack Template (1) - עותק\backend\node_modules\mongoose\lib\query.js:4798:12)
    at model.Query.Query._castConditions (C:\Users\User\Desktop\shlomtzion\‏‏01 - MEAN Stack Template (1) - עותק\backend\node_modules\mongoose\lib\query.js:2206:10)
    at model.Query._findOne (C:\Users\User\Desktop\shlomtzion\‏‏01 - MEAN Stack Template (1) - עותק\backend\node_modules\mongoose\lib\query.js:2526:8)
    at model.Query.exec (C:\Users\User\Desktop\shlomtzion\‏‏01 - MEAN Stack Template (1) - עותק\backend\node_modules\mongoose\lib\query.js:4342:80)
    at processTicksAndRejections (node:internal/process/task_queues:95:5)
---------------------------------------

Time: Mon Sep 09 2024 14:40:40 GMT+0300 (שעון ישראל (קיץ))
Message: We couldn't find this transaction
Stack: undefined
---------------------------------------

Time: Mon Sep 09 2024 14:40:42 GMT+0300 (שעון ישראל (קיץ))
Message: We couldn't find this transaction
Stack: undefined
---------------------------------------

Time: Mon Sep 09 2024 14:40:49 GMT+0300 (שעון ישראל (קיץ))
Message: Cast to ObjectId failed for value "66dd7706058cd23d4f15c60" (type string) at path "_id" for model "TransactionModel"
Stack: CastError: Cast to ObjectId failed for value "66dd7706058cd23d4f15c60" (type string) at path "_id" for model "TransactionModel"
    at SchemaObjectId.cast (C:\Users\User\Desktop\shlomtzion\‏‏01 - MEAN Stack Template (1) - עותק\backend\node_modules\mongoose\lib\schema\objectId.js:250:11)
    at SchemaObjectId.SchemaType.applySetters (C:\Users\User\Desktop\shlomtzion\‏‏01 - MEAN Stack Template (1) - עותק\backend\node_modules\mongoose\lib\schemaType.js:1236:12)
    at SchemaObjectId.SchemaType.castForQuery (C:\Users\User\Desktop\shlomtzion\‏‏01 - MEAN Stack Template (1) - עותק\backend\node_modules\mongoose\lib\schemaType.js:1653:17)
    at cast (C:\Users\User\Desktop\shlomtzion\‏‏01 - MEAN Stack Template (1) - עותק\backend\node_modules\mongoose\lib\cast.js:375:32)
    at model.Query.Query.cast (C:\Users\User\Desktop\shlomtzion\‏‏01 - MEAN Stack Template (1) - עותק\backend\node_modules\mongoose\lib\query.js:4798:12)
    at model.Query.Query._castConditions (C:\Users\User\Desktop\shlomtzion\‏‏01 - MEAN Stack Template (1) - עותק\backend\node_modules\mongoose\lib\query.js:2206:10)
    at model.Query._findOne (C:\Users\User\Desktop\shlomtzion\‏‏01 - MEAN Stack Template (1) - עותק\backend\node_modules\mongoose\lib\query.js:2526:8)
    at model.Query.exec (C:\Users\User\Desktop\shlomtzion\‏‏01 - MEAN Stack Template (1) - עותק\backend\node_modules\mongoose\lib\query.js:4342:80)
    at processTicksAndRejections (node:internal/process/task_queues:95:5)
---------------------------------------

Time: Mon Sep 09 2024 14:41:01 GMT+0300 (שעון ישראל (קיץ))
Message: We couldn't find this transaction
Stack: undefined
---------------------------------------

Time: Mon Sep 09 2024 14:44:40 GMT+0300 (שעון ישראל (קיץ))
Message: Cast to ObjectId failed for value "66dd7706058cd23d4f15c6" (type string) at path "_id" for model "TransactionModel"
Stack: CastError: Cast to ObjectId failed for value "66dd7706058cd23d4f15c6" (type string) at path "_id" for model "TransactionModel"
    at SchemaObjectId.cast (C:\Users\User\Desktop\shlomtzion\‏‏01 - MEAN Stack Template (1) - עותק\backend\node_modules\mongoose\lib\schema\objectId.js:250:11)
    at SchemaObjectId.SchemaType.applySetters (C:\Users\User\Desktop\shlomtzion\‏‏01 - MEAN Stack Template (1) - עותק\backend\node_modules\mongoose\lib\schemaType.js:1236:12)
    at SchemaObjectId.SchemaType.castForQuery (C:\Users\User\Desktop\shlomtzion\‏‏01 - MEAN Stack Template (1) - עותק\backend\node_modules\mongoose\lib\schemaType.js:1653:17)
    at cast (C:\Users\User\Desktop\shlomtzion\‏‏01 - MEAN Stack Template (1) - עותק\backend\node_modules\mongoose\lib\cast.js:375:32)
    at model.Query.Query.cast (C:\Users\User\Desktop\shlomtzion\‏‏01 - MEAN Stack Template (1) - עותק\backend\node_modules\mongoose\lib\query.js:4798:12)
    at model.Query.Query._castConditions (C:\Users\User\Desktop\shlomtzion\‏‏01 - MEAN Stack Template (1) - עותק\backend\node_modules\mongoose\lib\query.js:2206:10)
    at model.Query._findOne (C:\Users\User\Desktop\shlomtzion\‏‏01 - MEAN Stack Template (1) - עותק\backend\node_modules\mongoose\lib\query.js:2526:8)
    at model.Query.exec (C:\Users\User\Desktop\shlomtzion\‏‏01 - MEAN Stack Template (1) - עותק\backend\node_modules\mongoose\lib\query.js:4342:80)
    at processTicksAndRejections (node:internal/process/task_queues:95:5)
---------------------------------------

Time: Mon Sep 09 2024 14:45:04 GMT+0300 (שעון ישראל (קיץ))
Message: Cast to ObjectId failed for value "66dd7706058cd23d4f15c6" (type string) at path "_id" for model "TransactionModel"
Stack: CastError: Cast to ObjectId failed for value "66dd7706058cd23d4f15c6" (type string) at path "_id" for model "TransactionModel"
    at SchemaObjectId.cast (C:\Users\User\Desktop\shlomtzion\‏‏01 - MEAN Stack Template (1) - עותק\backend\node_modules\mongoose\lib\schema\objectId.js:250:11)
    at SchemaObjectId.SchemaType.applySetters (C:\Users\User\Desktop\shlomtzion\‏‏01 - MEAN Stack Template (1) - עותק\backend\node_modules\mongoose\lib\schemaType.js:1236:12)
    at SchemaObjectId.SchemaType.castForQuery (C:\Users\User\Desktop\shlomtzion\‏‏01 - MEAN Stack Template (1) - עותק\backend\node_modules\mongoose\lib\schemaType.js:1653:17)
    at cast (C:\Users\User\Desktop\shlomtzion\‏‏01 - MEAN Stack Template (1) - עותק\backend\node_modules\mongoose\lib\cast.js:375:32)
    at model.Query.Query.cast (C:\Users\User\Desktop\shlomtzion\‏‏01 - MEAN Stack Template (1) - עותק\backend\node_modules\mongoose\lib\query.js:4798:12)
    at model.Query.Query._castConditions (C:\Users\User\Desktop\shlomtzion\‏‏01 - MEAN Stack Template (1) - עותק\backend\node_modules\mongoose\lib\query.js:2206:10)
    at model.Query._findOne (C:\Users\User\Desktop\shlomtzion\‏‏01 - MEAN Stack Template (1) - עותק\backend\node_modules\mongoose\lib\query.js:2526:8)
    at model.Query.exec (C:\Users\User\Desktop\shlomtzion\‏‏01 - MEAN Stack Template (1) - עותק\backend\node_modules\mongoose\lib\query.js:4342:80)
    at processTicksAndRejections (node:internal/process/task_queues:95:5)
---------------------------------------

Time: Mon Sep 09 2024 14:46:18 GMT+0300 (שעון ישראל (קיץ))
Message: Cast to ObjectId failed for value "66dd7706058cd23d4f15c60" (type string) at path "_id" for model "TransactionModel"
Stack: CastError: Cast to ObjectId failed for value "66dd7706058cd23d4f15c60" (type string) at path "_id" for model "TransactionModel"
    at SchemaObjectId.cast (C:\Users\User\Desktop\shlomtzion\‏‏01 - MEAN Stack Template (1) - עותק\backend\node_modules\mongoose\lib\schema\objectId.js:250:11)
    at SchemaObjectId.SchemaType.applySetters (C:\Users\User\Desktop\shlomtzion\‏‏01 - MEAN Stack Template (1) - עותק\backend\node_modules\mongoose\lib\schemaType.js:1236:12)
    at SchemaObjectId.SchemaType.castForQuery (C:\Users\User\Desktop\shlomtzion\‏‏01 - MEAN Stack Template (1) - עותק\backend\node_modules\mongoose\lib\schemaType.js:1653:17)
    at cast (C:\Users\User\Desktop\shlomtzion\‏‏01 - MEAN Stack Template (1) - עותק\backend\node_modules\mongoose\lib\cast.js:375:32)
    at model.Query.Query.cast (C:\Users\User\Desktop\shlomtzion\‏‏01 - MEAN Stack Template (1) - עותק\backend\node_modules\mongoose\lib\query.js:4798:12)
    at model.Query.Query._castConditions (C:\Users\User\Desktop\shlomtzion\‏‏01 - MEAN Stack Template (1) - עותק\backend\node_modules\mongoose\lib\query.js:2206:10)
    at model.Query._findOne (C:\Users\User\Desktop\shlomtzion\‏‏01 - MEAN Stack Template (1) - עותק\backend\node_modules\mongoose\lib\query.js:2526:8)
    at model.Query.exec (C:\Users\User\Desktop\shlomtzion\‏‏01 - MEAN Stack Template (1) - עותק\backend\node_modules\mongoose\lib\query.js:4342:80)
    at processTicksAndRejections (node:internal/process/task_queues:95:5)
---------------------------------------

Time: Mon Sep 09 2024 14:46:21 GMT+0300 (שעון ישראל (קיץ))
Message: We couldn't find this transaction
Stack: undefined
---------------------------------------

Time: Mon Sep 09 2024 14:46:40 GMT+0300 (שעון ישראל (קיץ))
Message: We couldn't find this transaction
Stack: undefined
---------------------------------------

Time: Mon Sep 09 2024 14:46:43 GMT+0300 (שעון ישראל (קיץ))
Message: Cast to ObjectId failed for value "66dd7706058cd23d4f15c" (type string) at path "_id" for model "TransactionModel"
Stack: CastError: Cast to ObjectId failed for value "66dd7706058cd23d4f15c" (type string) at path "_id" for model "TransactionModel"
    at SchemaObjectId.cast (C:\Users\User\Desktop\shlomtzion\‏‏01 - MEAN Stack Template (1) - עותק\backend\node_modules\mongoose\lib\schema\objectId.js:250:11)
    at SchemaObjectId.SchemaType.applySetters (C:\Users\User\Desktop\shlomtzion\‏‏01 - MEAN Stack Template (1) - עותק\backend\node_modules\mongoose\lib\schemaType.js:1236:12)
    at SchemaObjectId.SchemaType.castForQuery (C:\Users\User\Desktop\shlomtzion\‏‏01 - MEAN Stack Template (1) - עותק\backend\node_modules\mongoose\lib\schemaType.js:1653:17)
    at cast (C:\Users\User\Desktop\shlomtzion\‏‏01 - MEAN Stack Template (1) - עותק\backend\node_modules\mongoose\lib\cast.js:375:32)
    at model.Query.Query.cast (C:\Users\User\Desktop\shlomtzion\‏‏01 - MEAN Stack Template (1) - עותק\backend\node_modules\mongoose\lib\query.js:4798:12)
    at model.Query.Query._castConditions (C:\Users\User\Desktop\shlomtzion\‏‏01 - MEAN Stack Template (1) - עותק\backend\node_modules\mongoose\lib\query.js:2206:10)
    at model.Query._findOne (C:\Users\User\Desktop\shlomtzion\‏‏01 - MEAN Stack Template (1) - עותק\backend\node_modules\mongoose\lib\query.js:2526:8)
    at model.Query.exec (C:\Users\User\Desktop\shlomtzion\‏‏01 - MEAN Stack Template (1) - עותק\backend\node_modules\mongoose\lib\query.js:4342:80)
    at processTicksAndRejections (node:internal/process/task_queues:95:5)
---------------------------------------

Time: Mon Sep 09 2024 15:47:43 GMT+0300 (שעון ישראל (קיץ))
Message: FieldPath cannot be constructed with empty string
Stack: MongoServerError: FieldPath cannot be constructed with empty string
    at Connection.sendCommand (C:\Users\User\Desktop\shlomtzion\‏‏01 - MEAN Stack Template (1) - עותק\backend\node_modules\mongodb\src\cmap\connection.ts:525:17)
    at processTicksAndRejections (node:internal/process/task_queues:95:5)
    at async Connection.command (C:\Users\User\Desktop\shlomtzion\‏‏01 - MEAN Stack Template (1) - עותק\backend\node_modules\mongodb\src\cmap\connection.ts:608:22)
    at async Server.command (C:\Users\User\Desktop\shlomtzion\‏‏01 - MEAN Stack Template (1) - עותק\backend\node_modules\mongodb\src\sdam\server.ts:326:16)
    at async FindOperation.execute (C:\Users\User\Desktop\shlomtzion\‏‏01 - MEAN Stack Template (1) - עותק\backend\node_modules\mongodb\src\operations\find.ts:108:12)
    at async executeOperation (C:\Users\User\Desktop\shlomtzion\‏‏01 - MEAN Stack Template (1) - עותק\backend\node_modules\mongodb\src\operations\execute_operation.ts:196:12)
    at async FindCursor._initialize (C:\Users\User\Desktop\shlomtzion\‏‏01 - MEAN Stack Template (1) - עותק\backend\node_modules\mongodb\src\cursor\find_cursor.ts:79:22)
    at async FindCursor.[kInit] (C:\Users\User\Desktop\shlomtzion\‏‏01 - MEAN Stack Template (1) - עותק\backend\node_modules\mongodb\src\cursor\abstract_cursor.ts:657:21)
    at async next (C:\Users\User\Desktop\shlomtzion\‏‏01 - MEAN Stack Template (1) - עותק\backend\node_modules\mongodb\src\cursor\abstract_cursor.ts:763:7)
    at async FindCursor.next (C:\Users\User\Desktop\shlomtzion\‏‏01 - MEAN Stack Template (1) - עותק\backend\node_modules\mongodb\src\cursor\abstract_cursor.ts:401:12)
---------------------------------------

Time: Mon Sep 09 2024 15:47:46 GMT+0300 (שעון ישראל (קיץ))
Message: FieldPath cannot be constructed with empty string
Stack: MongoServerError: FieldPath cannot be constructed with empty string
    at Connection.sendCommand (C:\Users\User\Desktop\shlomtzion\‏‏01 - MEAN Stack Template (1) - עותק\backend\node_modules\mongodb\src\cmap\connection.ts:525:17)
    at processTicksAndRejections (node:internal/process/task_queues:95:5)
    at async Connection.command (C:\Users\User\Desktop\shlomtzion\‏‏01 - MEAN Stack Template (1) - עותק\backend\node_modules\mongodb\src\cmap\connection.ts:608:22)
    at async Server.command (C:\Users\User\Desktop\shlomtzion\‏‏01 - MEAN Stack Template (1) - עותק\backend\node_modules\mongodb\src\sdam\server.ts:326:16)
    at async FindOperation.execute (C:\Users\User\Desktop\shlomtzion\‏‏01 - MEAN Stack Template (1) - עותק\backend\node_modules\mongodb\src\operations\find.ts:108:12)
    at async executeOperation (C:\Users\User\Desktop\shlomtzion\‏‏01 - MEAN Stack Template (1) - עותק\backend\node_modules\mongodb\src\operations\execute_operation.ts:196:12)
    at async FindCursor._initialize (C:\Users\User\Desktop\shlomtzion\‏‏01 - MEAN Stack Template (1) - עותק\backend\node_modules\mongodb\src\cursor\find_cursor.ts:79:22)
    at async FindCursor.[kInit] (C:\Users\User\Desktop\shlomtzion\‏‏01 - MEAN Stack Template (1) - עותק\backend\node_modules\mongodb\src\cursor\abstract_cursor.ts:657:21)
    at async next (C:\Users\User\Desktop\shlomtzion\‏‏01 - MEAN Stack Template (1) - עותק\backend\node_modules\mongodb\src\cursor\abstract_cursor.ts:763:7)
    at async FindCursor.next (C:\Users\User\Desktop\shlomtzion\‏‏01 - MEAN Stack Template (1) - עותק\backend\node_modules\mongodb\src\cursor\abstract_cursor.ts:401:12)
---------------------------------------

Time: Tue Sep 10 2024 14:11:55 GMT+0300 (שעון ישראל (קיץ))
Message: TransactionModel validation failed: category: missing category, description: missing description, amount: missing amount, date: missing date
Stack: undefined
---------------------------------------

Time: Tue Sep 10 2024 15:10:23 GMT+0300 (שעון ישראל (קיץ))
Message: Route /api/transaction/ not found.
Stack: undefined
---------------------------------------

Time: Tue Sep 10 2024 19:58:54 GMT+0300 (Israel Daylight Time)
Message: Route /api/categories/66e07a570616de762ed2daf4 not found.
Stack: undefined
---------------------------------------

Time: Tue Sep 10 2024 20:05:46 GMT+0300 (Israel Daylight Time)
Message: Route /api/categories/66e07a570616de762ed2daf4 not found.
Stack: undefined
---------------------------------------

